#
# There is insufficient memory for the Java Runtime Environment to continue.
# Native memory allocation (malloc) failed to allocate 1547216 bytes for Chunk::new
# Possible reasons:
#   The system is out of physical RAM or swap space
#   The process is running with CompressedOops enabled, and the Java Heap may be blocking the growth of the native heap
# Possible solutions:
#   Reduce memory load on the system
#   Increase physical memory or swap space
#   Check if swap backing store is full
#   Decrease Java heap size (-Xmx/-Xms)
#   Decrease number of Java threads
#   Decrease Java thread stack sizes (-Xss)
#   Set larger code cache with -XX:ReservedCodeCacheSize=
#   JVM is running with Zero Based Compressed Oops mode in which the Java heap is
#     placed in the first 32GB address space. The Java Heap base address is the
#     maximum limit for the native heap growth. Please use -XX:HeapBaseMinAddress
#     to set the Java Heap base and to place the Java Heap above 32GB virtual address.
# This output file may be truncated or incomplete.
#
#  Out of Memory Error (arena.cpp:189), pid=5728, tid=14832
#
# JRE version: OpenJDK Runtime Environment Temurin-17.0.8.1+1 (17.0.8.1+1) (build 17.0.8.1+1)
# Java VM: OpenJDK 64-Bit Server VM Temurin-17.0.8.1+1 (17.0.8.1+1, mixed mode, sharing, tiered, compressed oops, compressed class ptrs, g1 gc, windows-amd64)
# No core dump will be written. Minidumps are not enabled by default on client versions of Windows
#

---------------  S U M M A R Y ------------

Command Line: -XX:MaxMetaspaceSize=2G -XX:+HeapDumpOnOutOfMemoryError --add-opens=java.base/java.util=ALL-UNNAMED --add-opens=java.base/java.lang=ALL-UNNAMED --add-opens=java.base/java.lang.invoke=ALL-UNNAMED --add-opens=java.prefs/java.util.prefs=ALL-UNNAMED --add-exports=jdk.compiler/com.sun.tools.javac.api=ALL-UNNAMED --add-exports=jdk.compiler/com.sun.tools.javac.util=ALL-UNNAMED --add-opens=java.base/java.nio.charset=ALL-UNNAMED --add-opens=java.base/java.net=ALL-UNNAMED --add-opens=java.base/java.util.concurrent.atomic=ALL-UNNAMED -Xmx4G -Dfile.encoding=windows-1252 -Duser.country=IN -Duser.language=en -Duser.variant -javaagent:C:\Users\mahar\.gradle\wrapper\dists\gradle-8.10.2-all\7iv73wktx1xtkvlq19urqw1wm\gradle-8.10.2\lib\agents\gradle-instrumentation-agent-8.10.2.jar org.gradle.launcher.daemon.bootstrap.GradleDaemon 8.10.2

Host: 11th Gen Intel(R) Core(TM) i5-1155G7 @ 2.50GHz, 8 cores, 15G,  Windows 11 , 64 bit Build 26100 (10.0.26100.3912)
Time: Tue Apr 29 15:45:18 2025 India Standard Time elapsed time: 77.604914 seconds (0d 0h 1m 17s)

---------------  T H R E A D  ---------------

Current thread (0x00000210d6bd9a80):  JavaThread "C2 CompilerThread2" daemon [_thread_in_native, id=14832, stack(0x000000991b300000,0x000000991b400000)]


Current CompileTask:
C2:  77604 24457       4       groovyjarjarantlr4.v4.runtime.atn.ParserATNSimulator::closure (784 bytes)

Stack: [0x000000991b300000,0x000000991b400000]
Native frames: (J=compiled Java code, j=interpreted, Vv=VM code, C=native code)
V  [jvm.dll+0x678b0a]
V  [jvm.dll+0x835e84]
V  [jvm.dll+0x83762e]
V  [jvm.dll+0x837c93]
V  [jvm.dll+0x24746f]
V  [jvm.dll+0xac20c]
V  [jvm.dll+0xac7dc]
V  [jvm.dll+0x365c52]
V  [jvm.dll+0x3301a1]
V  [jvm.dll+0x32f64a]
V  [jvm.dll+0x219bf1]
V  [jvm.dll+0x219011]
V  [jvm.dll+0x1a534d]
V  [jvm.dll+0x228d8a]
V  [jvm.dll+0x226dcc]
V  [jvm.dll+0x7ec09b]
V  [jvm.dll+0x7e64ca]
V  [jvm.dll+0x677955]
C  [ucrtbase.dll+0x37b0]
C  [KERNEL32.DLL+0x2e8d7]
C  [ntdll.dll+0x9c5dc]


---------------  P R O C E S S  ---------------

Threads class SMR info:
_java_thread_list=0x00000210d65522d0, length=130, elements={
0x00000210d9e23580, 0x00000210fc6dd110, 0x00000210fc6ddae0, 0x00000210fc6f82a0,
0x00000210fc6fab80, 0x00000210fc6fb450, 0x00000210fc6fbd20, 0x00000210fc6fc920,
0x00000210fc6fd230, 0x00000210fc6fdb40, 0x00000210fd00d0e0, 0x00000210fd15fb80,
0x00000210fd6573f0, 0x00000210fd6564c0, 0x00000210fd657900, 0x00000210fd655080,
0x00000210fd655590, 0x00000210fd655aa0, 0x00000210fd6569d0, 0x00000210fd654b70,
0x00000210fd656ee0, 0x00000210fd654150, 0x00000210fd654660, 0x00000210ff83d4e0,
0x00000210ff840270, 0x00000210ff83e920, 0x00000210ff83e410, 0x00000210ff83f850,
0x00000210ff8411a0, 0x00000210ff83f340, 0x00000210ff83fd60, 0x00000210ff83ee30,
0x00000210ff840c90, 0x00000210ff83d9f0, 0x00000210ff83df00, 0x00000210d531ac70,
0x00000210d531c0b0, 0x00000210d531c5c0, 0x00000210d531a250, 0x00000210d531cad0,
0x00000210d5319320, 0x00000210d531da00, 0x00000210d531df10, 0x00000210d531f350,
0x00000210d531f860, 0x00000210d531ee40, 0x00000210d531cfe0, 0x00000210d531d4f0,
0x00000210d531e420, 0x00000210d531e930, 0x00000210fd58cf90, 0x00000210fd58f810,
0x00000210fd58dec0, 0x00000210fd58e3d0, 0x00000210fd58edf0, 0x00000210fd58f300,
0x00000210fd58d4a0, 0x00000210fd591160, 0x00000210fd590740, 0x00000210fd590c50,
0x00000210fd58e8e0, 0x00000210fd58d9b0, 0x00000210fd590230, 0x00000210fd591670,
0x00000210fd592ab0, 0x00000210fd5934d0, 0x00000210fd58fd20, 0x00000210fd592fc0,
0x00000210fd5939e0, 0x00000210fd593ef0, 0x00000210fd594910, 0x00000210fd591b80,
0x00000210fd592090, 0x00000210fd5925a0, 0x00000210fd594400, 0x00000210fe3ca280,
0x00000210fe3c8e40, 0x00000210fe3caca0, 0x00000210fe3c9350, 0x00000210fe3c9d70,
0x00000210fe3ca790, 0x00000210fe3cb1b0, 0x00000210fe3c7a00, 0x00000210fe3cb6c0,
0x00000210fe3cdf40, 0x00000210fe3cda30, 0x00000210d53fca00, 0x00000210d53fd420,
0x00000210d53fd930, 0x00000210d53fde40, 0x00000210d53fe350, 0x00000210d53fb5c0,
0x00000210d53fe860, 0x00000210d53fb0b0, 0x00000210c8647900, 0x00000210c864b0b0,
0x00000210c864a180, 0x00000210c8648830, 0x00000210c864aba0, 0x00000210c8649760,
0x00000210c8649250, 0x00000210c8648320, 0x00000210c8647e10, 0x00000210c864b5c0,
0x00000210c8649c70, 0x00000210c8648d40, 0x00000210c864ca00, 0x0000021102958830,
0x000002110295bad0, 0x0000021102959c70, 0x000002110295a180, 0x0000021102959250,
0x0000021102959760, 0x000002110295a690, 0x000002110295b5c0, 0x0000021102958320,
0x000002110295aba0, 0x000002110295bfe0, 0x000002110295c4f0, 0x000002110295b0b0,
0x0000021102958d40, 0x000002110295cf10, 0x000002110295fca0, 0x000002110295d420,
0x000002110295d930, 0x000002110295de40, 0x000002110295e350, 0x000002110295ed70,
0x00000210d6bd7000, 0x00000210d6bd9a80
}

Java Threads: ( => current thread )
  0x00000210d9e23580 JavaThread "main" [_thread_blocked, id=12924, stack(0x0000009915800000,0x0000009915900000)]
  0x00000210fc6dd110 JavaThread "Reference Handler" daemon [_thread_blocked, id=17552, stack(0x0000009915f00000,0x0000009916000000)]
  0x00000210fc6ddae0 JavaThread "Finalizer" daemon [_thread_blocked, id=20852, stack(0x0000009916000000,0x0000009916100000)]
  0x00000210fc6f82a0 JavaThread "Signal Dispatcher" daemon [_thread_blocked, id=21628, stack(0x0000009916100000,0x0000009916200000)]
  0x00000210fc6fab80 JavaThread "Attach Listener" daemon [_thread_blocked, id=18804, stack(0x0000009916200000,0x0000009916300000)]
  0x00000210fc6fb450 JavaThread "Service Thread" daemon [_thread_blocked, id=16572, stack(0x0000009916300000,0x0000009916400000)]
  0x00000210fc6fbd20 JavaThread "Monitor Deflation Thread" daemon [_thread_blocked, id=7192, stack(0x0000009916400000,0x0000009916500000)]
  0x00000210fc6fc920 JavaThread "C2 CompilerThread0" daemon [_thread_in_native, id=19072, stack(0x0000009916500000,0x0000009916600000)]
  0x00000210fc6fd230 JavaThread "C1 CompilerThread0" daemon [_thread_blocked, id=16620, stack(0x0000009916600000,0x0000009916700000)]
  0x00000210fc6fdb40 JavaThread "Sweeper thread" daemon [_thread_blocked, id=22420, stack(0x0000009916700000,0x0000009916800000)]
  0x00000210fd00d0e0 JavaThread "Common-Cleaner" daemon [_thread_blocked, id=10144, stack(0x0000009916800000,0x0000009916900000)]
  0x00000210fd15fb80 JavaThread "Notification Thread" daemon [_thread_blocked, id=20224, stack(0x0000009916900000,0x0000009916a00000)]
  0x00000210fd6573f0 JavaThread "Daemon health stats" [_thread_blocked, id=16932, stack(0x0000009916c00000,0x0000009916d00000)]
  0x00000210fd6564c0 JavaThread "Incoming local TCP Connector on port 55012" [_thread_in_native, id=18216, stack(0x0000009917200000,0x0000009917300000)]
  0x00000210fd657900 JavaThread "Daemon periodic checks" [_thread_blocked, id=10264, stack(0x0000009917300000,0x0000009917400000)]
  0x00000210fd655080 JavaThread "Daemon" [_thread_blocked, id=7068, stack(0x0000009917400000,0x0000009917500000)]
  0x00000210fd655590 JavaThread "Handler for socket connection from /127.0.0.1:55012 to /127.0.0.1:55013" [_thread_in_native, id=12936, stack(0x0000009917500000,0x0000009917600000)]
  0x00000210fd655aa0 JavaThread "Cancel handler" [_thread_blocked, id=21248, stack(0x0000009917600000,0x0000009917700000)]
  0x00000210fd6569d0 JavaThread "Daemon worker" [_thread_in_native, id=18188, stack(0x0000009917700000,0x0000009917800000)]
  0x00000210fd654b70 JavaThread "Asynchronous log dispatcher for DefaultDaemonConnection: socket connection from /127.0.0.1:55012 to /127.0.0.1:55013" [_thread_blocked, id=10976, stack(0x0000009917800000,0x0000009917900000)]
  0x00000210fd656ee0 JavaThread "Stdin handler" [_thread_blocked, id=21944, stack(0x0000009917900000,0x0000009917a00000)]
  0x00000210fd654150 JavaThread "Daemon client event forwarder" [_thread_blocked, id=14400, stack(0x0000009917a00000,0x0000009917b00000)]
  0x00000210fd654660 JavaThread "Cache worker for journal cache (C:\Users\mahar\.gradle\caches\journal-1)" [_thread_blocked, id=12968, stack(0x0000009917b00000,0x0000009917c00000)]
  0x00000210ff83d4e0 JavaThread "File lock request listener" [_thread_in_native, id=20988, stack(0x0000009917c00000,0x0000009917d00000)]
  0x00000210ff840270 JavaThread "Cache worker for file hash cache (C:\Users\mahar\.gradle\caches\8.10.2\fileHashes)" [_thread_blocked, id=3272, stack(0x0000009917d00000,0x0000009917e00000)]
  0x00000210ff83e920 JavaThread "Cache worker for file hash cache (D:\AppDev\Trustify_UI\android\.gradle\8.10.2\fileHashes)" [_thread_blocked, id=15884, stack(0x0000009917f00000,0x0000009918000000)]
  0x00000210ff83e410 JavaThread "Cache worker for Build Output Cleanup Cache (D:\AppDev\Trustify_UI\android\.gradle\buildOutputCleanup)" [_thread_blocked, id=10648, stack(0x0000009918000000,0x0000009918100000)]
  0x00000210ff83f850 JavaThread "File watcher server" daemon [_thread_in_native, id=1652, stack(0x0000009918300000,0x0000009918400000)]
  0x00000210ff8411a0 JavaThread "File watcher consumer" daemon [_thread_blocked, id=7668, stack(0x0000009918400000,0x0000009918500000)]
  0x00000210ff83f340 JavaThread "Cache worker for checksums cache (D:\AppDev\Trustify_UI\android\.gradle\8.10.2\checksums)" [_thread_blocked, id=17908, stack(0x0000009918500000,0x0000009918600000)]
  0x00000210ff83fd60 JavaThread "Cache worker for file content cache (C:\Users\mahar\.gradle\caches\8.10.2\fileContent)" [_thread_blocked, id=21088, stack(0x0000009918600000,0x0000009918700000)]
  0x00000210ff83ee30 JavaThread "Cache worker for cache directory md-rule (C:\Users\mahar\.gradle\caches\8.10.2\md-rule)" [_thread_blocked, id=9420, stack(0x0000009918700000,0x0000009918800000)]
  0x00000210ff840c90 JavaThread "Cache worker for cache directory md-supplier (C:\Users\mahar\.gradle\caches\8.10.2\md-supplier)" [_thread_blocked, id=2452, stack(0x0000009918800000,0x0000009918900000)]
  0x00000210ff83d9f0 JavaThread "jar transforms" [_thread_blocked, id=12640, stack(0x0000009918a00000,0x0000009918b00000)]
  0x00000210ff83df00 JavaThread "Cache worker for Build Output Cleanup Cache (C:\FlutterDev\sdk\flutter\packages\flutter_tools\gradle\.gradle\buildOutputCleanup)" [_thread_blocked, id=9516, stack(0x0000009918b00000,0x0000009918c00000)]
  0x00000210d531ac70 JavaThread "Memory manager" [_thread_blocked, id=22504, stack(0x0000009919000000,0x0000009919100000)]
  0x00000210d531c0b0 JavaThread "included builds" [_thread_blocked, id=7224, stack(0x0000009918900000,0x0000009918a00000)]
  0x00000210d531c5c0 JavaThread "Execution worker" [_thread_blocked, id=22152, stack(0x0000009919100000,0x0000009919200000)]
  0x00000210d531a250 JavaThread "Execution worker Thread 2" [_thread_blocked, id=21280, stack(0x0000009919200000,0x0000009919300000)]
  0x00000210d531cad0 JavaThread "Execution worker Thread 3" [_thread_blocked, id=22180, stack(0x0000009919300000,0x0000009919400000)]
  0x00000210d5319320 JavaThread "Execution worker Thread 4" [_thread_blocked, id=8672, stack(0x0000009919400000,0x0000009919500000)]
  0x00000210d531da00 JavaThread "Execution worker Thread 5" [_thread_blocked, id=20456, stack(0x0000009919500000,0x0000009919600000)]
  0x00000210d531df10 JavaThread "Execution worker Thread 6" [_thread_blocked, id=13388, stack(0x0000009919600000,0x0000009919700000)]
  0x00000210d531f350 JavaThread "Execution worker Thread 7" [_thread_blocked, id=12268, stack(0x0000009919700000,0x0000009919800000)]
  0x00000210d531f860 JavaThread "Cache worker for execution history cache (C:\FlutterDev\sdk\flutter\packages\flutter_tools\gradle\.gradle\8.10.2\executionHistory)" [_thread_blocked, id=9500, stack(0x0000009919800000,0x0000009919900000)]
  0x00000210d531ee40 JavaThread "Unconstrained build operations" [_thread_blocked, id=21732, stack(0x0000009919900000,0x0000009919a00000)]
  0x00000210d531cfe0 JavaThread "Unconstrained build operations Thread 2" [_thread_blocked, id=8800, stack(0x0000009919a00000,0x0000009919b00000)]
  0x00000210d531d4f0 JavaThread "Unconstrained build operations Thread 3" [_thread_blocked, id=20656, stack(0x0000009919b00000,0x0000009919c00000)]
  0x00000210d531e420 JavaThread "Unconstrained build operations Thread 4" [_thread_blocked, id=8224, stack(0x0000009919c00000,0x0000009919d00000)]
  0x00000210d531e930 JavaThread "Unconstrained build operations Thread 5" [_thread_blocked, id=7712, stack(0x0000009919d00000,0x0000009919e00000)]
  0x00000210fd58cf90 JavaThread "Unconstrained build operations Thread 6" [_thread_blocked, id=12912, stack(0x0000009919e00000,0x0000009919f00000)]
  0x00000210fd58f810 JavaThread "Unconstrained build operations Thread 7" [_thread_blocked, id=15744, stack(0x0000009919f00000,0x000000991a000000)]
  0x00000210fd58dec0 JavaThread "Exec process" [_thread_blocked, id=12104, stack(0x000000991a200000,0x000000991a300000)]
  0x00000210fd58e3d0 JavaThread "Exec process Thread 2" [_thread_blocked, id=20884, stack(0x000000991a400000,0x000000991a500000)]
  0x00000210fd58edf0 JavaThread "Exec process Thread 3" [_thread_blocked, id=16092, stack(0x000000991a500000,0x000000991a600000)]
  0x00000210fd58f300 JavaThread "Exec process Thread 4" [_thread_blocked, id=1132, stack(0x000000991a600000,0x000000991a700000)]
  0x00000210fd58d4a0 JavaThread "File lock release action executor" [_thread_blocked, id=11144, stack(0x000000991aa00000,0x000000991ab00000)]
  0x00000210fd591160 JavaThread "Unconstrained build operations Thread 8" [_thread_blocked, id=18964, stack(0x0000009916b00000,0x0000009916c00000)]
  0x00000210fd590740 JavaThread "Unconstrained build operations Thread 9" [_thread_blocked, id=11084, stack(0x000000991a000000,0x000000991a100000)]
  0x00000210fd590c50 JavaThread "Unconstrained build operations Thread 10" [_thread_blocked, id=16364, stack(0x000000991a100000,0x000000991a200000)]
  0x00000210fd58e8e0 JavaThread "Unconstrained build operations Thread 11" [_thread_blocked, id=11492, stack(0x000000991a300000,0x000000991a400000)]
  0x00000210fd58d9b0 JavaThread "Unconstrained build operations Thread 12" [_thread_blocked, id=9796, stack(0x000000991a700000,0x000000991a800000)]
  0x00000210fd590230 JavaThread "Unconstrained build operations Thread 13" [_thread_blocked, id=19520, stack(0x000000991a800000,0x000000991a900000)]
  0x00000210fd591670 JavaThread "Unconstrained build operations Thread 14" [_thread_blocked, id=13868, stack(0x000000991ab00000,0x000000991ac00000)]
  0x00000210fd592ab0 JavaThread "Unconstrained build operations Thread 15" [_thread_blocked, id=6448, stack(0x000000991ac00000,0x000000991ad00000)]
  0x00000210fd5934d0 JavaThread "Unconstrained build operations Thread 16" [_thread_blocked, id=19376, stack(0x000000991ad00000,0x000000991ae00000)]
  0x00000210fd58fd20 JavaThread "Unconstrained build operations Thread 17" [_thread_blocked, id=12344, stack(0x000000991ae00000,0x000000991af00000)]
  0x00000210fd592fc0 JavaThread "Unconstrained build operations Thread 18" [_thread_blocked, id=22400, stack(0x000000991af00000,0x000000991b000000)]
  0x00000210fd5939e0 JavaThread "Unconstrained build operations Thread 19" [_thread_blocked, id=10348, stack(0x000000991b000000,0x000000991b100000)]
  0x00000210fd593ef0 JavaThread "Unconstrained build operations Thread 20" [_thread_blocked, id=22320, stack(0x000000991b100000,0x000000991b200000)]
  0x00000210fd594910 JavaThread "Unconstrained build operations Thread 21" [_thread_blocked, id=2892, stack(0x000000991b200000,0x000000991b300000)]
  0x00000210fd591b80 JavaThread "Unconstrained build operations Thread 22" [_thread_blocked, id=14264, stack(0x000000991b400000,0x000000991b500000)]
  0x00000210fd592090 JavaThread "Unconstrained build operations Thread 23" [_thread_blocked, id=11024, stack(0x000000991b500000,0x000000991b600000)]
  0x00000210fd5925a0 JavaThread "Unconstrained build operations Thread 24" [_thread_blocked, id=18588, stack(0x000000991b600000,0x000000991b700000)]
  0x00000210fd594400 JavaThread "Unconstrained build operations Thread 25" [_thread_blocked, id=11992, stack(0x000000991b700000,0x000000991b800000)]
  0x00000210fe3ca280 JavaThread "Unconstrained build operations Thread 26" [_thread_blocked, id=2888, stack(0x000000991b800000,0x000000991b900000)]
  0x00000210fe3c8e40 JavaThread "Unconstrained build operations Thread 27" [_thread_blocked, id=9272, stack(0x000000991b900000,0x000000991ba00000)]
  0x00000210fe3caca0 JavaThread "Unconstrained build operations Thread 28" [_thread_blocked, id=20252, stack(0x000000991ba00000,0x000000991bb00000)]
  0x00000210fe3c9350 JavaThread "jar transforms Thread 2" [_thread_blocked, id=21152, stack(0x000000991bb00000,0x000000991bc00000)]
  0x00000210fe3c9d70 JavaThread "jar transforms Thread 3" [_thread_blocked, id=7460, stack(0x000000991bc00000,0x000000991bd00000)]
  0x00000210fe3ca790 JavaThread "jar transforms Thread 4" [_thread_blocked, id=14476, stack(0x000000991bd00000,0x000000991be00000)]
  0x00000210fe3cb1b0 JavaThread "jar transforms Thread 5" [_thread_blocked, id=15020, stack(0x000000991be00000,0x000000991bf00000)]
  0x00000210fe3c7a00 JavaThread "jar transforms Thread 6" [_thread_blocked, id=17036, stack(0x000000991bf00000,0x000000991c000000)]
  0x00000210fe3cb6c0 JavaThread "jar transforms Thread 7" [_thread_blocked, id=20100, stack(0x000000991c000000,0x000000991c100000)]
  0x00000210fe3cdf40 JavaThread "jar transforms Thread 8" [_thread_blocked, id=17832, stack(0x000000991c100000,0x000000991c200000)]
  0x00000210fe3cda30 JavaThread "Kotlin DSL Writer" [_thread_blocked, id=11040, stack(0x000000991c200000,0x000000991c300000)]
  0x00000210d53fca00 JavaThread "Unconstrained build operations Thread 29" [_thread_blocked, id=18780, stack(0x000000991c400000,0x000000991c500000)]
  0x00000210d53fd420 JavaThread "Unconstrained build operations Thread 30" [_thread_blocked, id=10548, stack(0x000000991c500000,0x000000991c600000)]
  0x00000210d53fd930 JavaThread "Unconstrained build operations Thread 31" [_thread_blocked, id=17416, stack(0x000000991c600000,0x000000991c700000)]
  0x00000210d53fde40 JavaThread "Unconstrained build operations Thread 32" [_thread_blocked, id=21620, stack(0x000000991c700000,0x000000991c800000)]
  0x00000210d53fe350 JavaThread "Unconstrained build operations Thread 33" [_thread_blocked, id=11420, stack(0x000000991c800000,0x000000991c900000)]
  0x00000210d53fb5c0 JavaThread "Unconstrained build operations Thread 34" [_thread_blocked, id=2136, stack(0x000000991c900000,0x000000991ca00000)]
  0x00000210d53fe860 JavaThread "Unconstrained build operations Thread 35" [_thread_blocked, id=12192, stack(0x000000991ca00000,0x000000991cb00000)]
  0x00000210d53fb0b0 JavaThread "Unconstrained build operations Thread 36" [_thread_blocked, id=13764, stack(0x000000991cb00000,0x000000991cc00000)]
  0x00000210c8647900 JavaThread "Unconstrained build operations Thread 37" [_thread_blocked, id=22448, stack(0x000000991cc00000,0x000000991cd00000)]
  0x00000210c864b0b0 JavaThread "Unconstrained build operations Thread 38" [_thread_blocked, id=21960, stack(0x000000991cd00000,0x000000991ce00000)]
  0x00000210c864a180 JavaThread "Unconstrained build operations Thread 39" [_thread_blocked, id=9460, stack(0x000000991ce00000,0x000000991cf00000)]
  0x00000210c8648830 JavaThread "Unconstrained build operations Thread 40" [_thread_blocked, id=3404, stack(0x000000991cf00000,0x000000991d000000)]
  0x00000210c864aba0 JavaThread "Unconstrained build operations Thread 41" [_thread_blocked, id=10184, stack(0x000000991d000000,0x000000991d100000)]
  0x00000210c8649760 JavaThread "Unconstrained build operations Thread 42" [_thread_blocked, id=10364, stack(0x000000991d100000,0x000000991d200000)]
  0x00000210c8649250 JavaThread "Unconstrained build operations Thread 43" [_thread_blocked, id=6340, stack(0x000000991d200000,0x000000991d300000)]
  0x00000210c8648320 JavaThread "Unconstrained build operations Thread 44" [_thread_blocked, id=21368, stack(0x000000991d300000,0x000000991d400000)]
  0x00000210c8647e10 JavaThread "Unconstrained build operations Thread 45" [_thread_blocked, id=9496, stack(0x000000991d400000,0x000000991d500000)]
  0x00000210c864b5c0 JavaThread "Unconstrained build operations Thread 46" [_thread_blocked, id=10056, stack(0x000000991d500000,0x000000991d600000)]
  0x00000210c8649c70 JavaThread "Unconstrained build operations Thread 47" [_thread_blocked, id=21304, stack(0x000000991d600000,0x000000991d700000)]
  0x00000210c8648d40 JavaThread "Unconstrained build operations Thread 48" [_thread_blocked, id=1072, stack(0x000000991d700000,0x000000991d800000)]
  0x00000210c864ca00 JavaThread "Unconstrained build operations Thread 49" [_thread_blocked, id=10008, stack(0x000000991d800000,0x000000991d900000)]
  0x0000021102958830 JavaThread "Unconstrained build operations Thread 50" [_thread_blocked, id=18344, stack(0x000000991d900000,0x000000991da00000)]
  0x000002110295bad0 JavaThread "Unconstrained build operations Thread 51" [_thread_blocked, id=6880, stack(0x000000991da00000,0x000000991db00000)]
  0x0000021102959c70 JavaThread "Unconstrained build operations Thread 52" [_thread_blocked, id=22212, stack(0x000000991db00000,0x000000991dc00000)]
  0x000002110295a180 JavaThread "Unconstrained build operations Thread 53" [_thread_blocked, id=16812, stack(0x000000991dc00000,0x000000991dd00000)]
  0x0000021102959250 JavaThread "Unconstrained build operations Thread 54" [_thread_blocked, id=11028, stack(0x000000991dd00000,0x000000991de00000)]
  0x0000021102959760 JavaThread "Unconstrained build operations Thread 55" [_thread_blocked, id=15776, stack(0x000000991de00000,0x000000991df00000)]
  0x000002110295a690 JavaThread "Unconstrained build operations Thread 56" [_thread_blocked, id=15528, stack(0x000000991df00000,0x000000991e000000)]
  0x000002110295b5c0 JavaThread "Unconstrained build operations Thread 57" [_thread_blocked, id=21004, stack(0x000000991e000000,0x000000991e100000)]
  0x0000021102958320 JavaThread "Unconstrained build operations Thread 58" [_thread_blocked, id=5988, stack(0x000000991e100000,0x000000991e200000)]
  0x000002110295aba0 JavaThread "Unconstrained build operations Thread 59" [_thread_blocked, id=9140, stack(0x000000991e200000,0x000000991e300000)]
  0x000002110295bfe0 JavaThread "Unconstrained build operations Thread 60" [_thread_blocked, id=15488, stack(0x000000991e300000,0x000000991e400000)]
  0x000002110295c4f0 JavaThread "Unconstrained build operations Thread 61" [_thread_blocked, id=21240, stack(0x000000991e400000,0x000000991e500000)]
  0x000002110295b0b0 JavaThread "Unconstrained build operations Thread 62" [_thread_blocked, id=21044, stack(0x000000991e500000,0x000000991e600000)]
  0x0000021102958d40 JavaThread "Unconstrained build operations Thread 63" [_thread_blocked, id=11852, stack(0x000000991e600000,0x000000991e700000)]
  0x000002110295cf10 JavaThread "Unconstrained build operations Thread 64" [_thread_blocked, id=8444, stack(0x000000991e700000,0x000000991e800000)]
  0x000002110295fca0 JavaThread "Unconstrained build operations Thread 65" [_thread_blocked, id=20436, stack(0x000000991e800000,0x000000991e900000)]
  0x000002110295d420 JavaThread "Unconstrained build operations Thread 66" [_thread_blocked, id=5732, stack(0x000000991e900000,0x000000991ea00000)]
  0x000002110295d930 JavaThread "Unconstrained build operations Thread 67" [_thread_blocked, id=16440, stack(0x000000991ea00000,0x000000991eb00000)]
  0x000002110295de40 JavaThread "Unconstrained build operations Thread 68" [_thread_blocked, id=21900, stack(0x000000991eb00000,0x000000991ec00000)]
  0x000002110295e350 JavaThread "Unconstrained build operations Thread 69" [_thread_blocked, id=6956, stack(0x000000991ec00000,0x000000991ed00000)]
  0x000002110295ed70 JavaThread "Unconstrained build operations Thread 70" [_thread_blocked, id=8552, stack(0x000000991ed00000,0x000000991ee00000)]
  0x00000210d6bd7000 JavaThread "C2 CompilerThread1" daemon [_thread_blocked, id=9208, stack(0x0000009915700000,0x0000009915800000)]
=>0x00000210d6bd9a80 JavaThread "C2 CompilerThread2" daemon [_thread_in_native, id=14832, stack(0x000000991b300000,0x000000991b400000)]

Other Threads:
  0x00000210fc6d6b90 VMThread "VM Thread" [stack: 0x0000009915e00000,0x0000009915f00000] [id=20680]
  0x00000210fd0b5180 WatcherThread [stack: 0x0000009916a00000,0x0000009916b00000] [id=9656]
  0x00000210d7bae800 GCTaskThread "GC Thread#0" [stack: 0x0000009915900000,0x0000009915a00000] [id=384]
  0x00000210fd6170b0 GCTaskThread "GC Thread#1" [stack: 0x0000009916d00000,0x0000009916e00000] [id=11368]
  0x00000210fd99de90 GCTaskThread "GC Thread#2" [stack: 0x0000009916e00000,0x0000009916f00000] [id=10856]
  0x00000210fda8fe50 GCTaskThread "GC Thread#3" [stack: 0x0000009916f00000,0x0000009917000000] [id=18408]
  0x00000210fd5c0f70 GCTaskThread "GC Thread#4" [stack: 0x0000009917000000,0x0000009917100000] [id=4568]
  0x00000210fd5c1230 GCTaskThread "GC Thread#5" [stack: 0x0000009917100000,0x0000009917200000] [id=7204]
  0x00000210ff3b23b0 GCTaskThread "GC Thread#6" [stack: 0x0000009917e00000,0x0000009917f00000] [id=20424]
  0x00000210c57bd6d0 GCTaskThread "GC Thread#7" [stack: 0x0000009918100000,0x0000009918200000] [id=9108]
  0x00000210d9ea0730 ConcurrentGCThread "G1 Main Marker" [stack: 0x0000009915a00000,0x0000009915b00000] [id=1140]
  0x00000210d9ea0f50 ConcurrentGCThread "G1 Conc#0" [stack: 0x0000009915b00000,0x0000009915c00000] [id=11180]
  0x00000210c5f70160 ConcurrentGCThread "G1 Conc#1" [stack: 0x0000009918200000,0x0000009918300000] [id=4416]
  0x00000210fc6163b0 ConcurrentGCThread "G1 Refine#0" [stack: 0x0000009915c00000,0x0000009915d00000] [id=10128]
  0x00000210c6c1ea90 ConcurrentGCThread "G1 Refine#1" [stack: 0x0000009918c00000,0x0000009918d00000] [id=3208]
  0x00000210c6c1d020 ConcurrentGCThread "G1 Refine#2" [stack: 0x0000009918d00000,0x0000009918e00000] [id=13732]
  0x00000210c6c1c170 ConcurrentGCThread "G1 Refine#3" [stack: 0x0000009918e00000,0x0000009918f00000] [id=14424]
  0x00000210c6c1ed80 ConcurrentGCThread "G1 Refine#4" [stack: 0x0000009918f00000,0x0000009919000000] [id=7956]
  0x00000210fd693d00 ConcurrentGCThread "G1 Refine#5" [stack: 0x000000991c300000,0x000000991c400000] [id=12920]
  0x00000210fc616cf0 ConcurrentGCThread "G1 Service" [stack: 0x0000009915d00000,0x0000009915e00000] [id=17656]

Threads with active compile tasks:
C2 CompilerThread0    77628 24528       4       org.codehaus.groovy.classgen.Verifier::getCovariantImplementation (540 bytes)
C2 CompilerThread2    77628 24457       4       groovyjarjarantlr4.v4.runtime.atn.ParserATNSimulator::closure (784 bytes)

VM state: not at safepoint (normal execution)

VM Mutex/Monitor currently owned by a thread: None

Heap address: 0x0000000700000000, size: 4096 MB, Compressed Oops mode: Zero based, Oop shift amount: 3

CDS archive(s) mapped at: [0x0000021080000000-0x0000021080bd0000-0x0000021080bd0000), size 12386304, SharedBaseAddress: 0x0000021080000000, ArchiveRelocationMode: 1.
Compressed class space mapped at: 0x0000021081000000-0x00000210c1000000, reserved size: 1073741824
Narrow klass base: 0x0000021080000000, Narrow klass shift: 0, Narrow klass range: 0x100000000

GC Precious Log:
 CPUs: 8 total, 8 available
 Memory: 16026M
 Large Page Support: Disabled
 NUMA Support: Disabled
 Compressed Oops: Enabled (Zero based)
 Heap Region Size: 2M
 Heap Min Capacity: 8M
 Heap Initial Capacity: 252M
 Heap Max Capacity: 4G
 Pre-touch: Disabled
 Parallel Workers: 8
 Concurrent Workers: 2
 Concurrent Refinement Workers: 8
 Periodic GC: Disabled

Heap:
 garbage-first heap   total 419840K, used 318998K [0x0000000700000000, 0x0000000800000000)
  region size 2048K, 49 young (100352K), 8 survivors (16384K)
 Metaspace       used 162981K, committed 164096K, reserved 1245184K
  class space    used 20845K, committed 21376K, reserved 1048576K

Heap Regions: E=young(eden), S=young(survivor), O=old, HS=humongous(starts), HC=humongous(continues), CS=collection set, F=free, OA=open archive, CA=closed archive, TAMS=top-at-mark-start (previous, next)
|   0|0x0000000700000000, 0x0000000700200000, 0x0000000700200000|100%|HS|  |TAMS 0x0000000700200000, 0x0000000700000000| Complete 
|   1|0x0000000700200000, 0x0000000700400000, 0x0000000700400000|100%|HC|  |TAMS 0x0000000700400000, 0x0000000700200000| Complete 
|   2|0x0000000700400000, 0x0000000700600000, 0x0000000700600000|100%| O|  |TAMS 0x0000000700600000, 0x0000000700400000| Untracked 
|   3|0x0000000700600000, 0x0000000700800000, 0x0000000700800000|100%| O|  |TAMS 0x0000000700800000, 0x0000000700600000| Untracked 
|   4|0x0000000700800000, 0x0000000700a00000, 0x0000000700a00000|100%| O|  |TAMS 0x0000000700a00000, 0x0000000700800000| Untracked 
|   5|0x0000000700a00000, 0x0000000700b81600, 0x0000000700c00000| 75%| O|  |TAMS 0x0000000700b81600, 0x0000000700a00000| Untracked 
|   6|0x0000000700c00000, 0x0000000700e00000, 0x0000000700e00000|100%| O|  |TAMS 0x0000000700e00000, 0x0000000700c00000| Untracked 
|   7|0x0000000700e00000, 0x0000000701000000, 0x0000000701000000|100%| O|  |TAMS 0x0000000701000000, 0x0000000700e00000| Untracked 
|   8|0x0000000701000000, 0x0000000701200000, 0x0000000701200000|100%| O|  |TAMS 0x0000000701200000, 0x0000000701000000| Untracked 
|   9|0x0000000701200000, 0x0000000701400000, 0x0000000701400000|100%| O|  |TAMS 0x0000000701400000, 0x0000000701200000| Untracked 
|  10|0x0000000701400000, 0x0000000701600000, 0x0000000701600000|100%| O|  |TAMS 0x0000000701600000, 0x0000000701400000| Untracked 
|  11|0x0000000701600000, 0x0000000701800000, 0x0000000701800000|100%| O|  |TAMS 0x0000000701800000, 0x0000000701600000| Untracked 
|  12|0x0000000701800000, 0x0000000701a00000, 0x0000000701a00000|100%| O|  |TAMS 0x0000000701a00000, 0x0000000701800000| Untracked 
|  13|0x0000000701a00000, 0x0000000701c00000, 0x0000000701c00000|100%| O|  |TAMS 0x0000000701c00000, 0x0000000701a00000| Untracked 
|  14|0x0000000701c00000, 0x0000000701e00000, 0x0000000701e00000|100%| O|  |TAMS 0x0000000701e00000, 0x0000000701c00000| Untracked 
|  15|0x0000000701e00000, 0x0000000702000000, 0x0000000702000000|100%| O|  |TAMS 0x0000000702000000, 0x0000000701e00000| Untracked 
|  16|0x0000000702000000, 0x0000000702200000, 0x0000000702200000|100%| O|  |TAMS 0x0000000702200000, 0x0000000702000000| Untracked 
|  17|0x0000000702200000, 0x0000000702400000, 0x0000000702400000|100%| O|  |TAMS 0x0000000702400000, 0x0000000702200000| Untracked 
|  18|0x0000000702400000, 0x0000000702600000, 0x0000000702600000|100%| O|  |TAMS 0x0000000702600000, 0x0000000702400000| Untracked 
|  19|0x0000000702600000, 0x0000000702800000, 0x0000000702800000|100%| O|  |TAMS 0x0000000702800000, 0x0000000702600000| Untracked 
|  20|0x0000000702800000, 0x0000000702a00000, 0x0000000702a00000|100%| O|  |TAMS 0x0000000702a00000, 0x0000000702800000| Untracked 
|  21|0x0000000702a00000, 0x0000000702c00000, 0x0000000702c00000|100%| O|  |TAMS 0x0000000702c00000, 0x0000000702a00000| Untracked 
|  22|0x0000000702c00000, 0x0000000702e00000, 0x0000000702e00000|100%| O|  |TAMS 0x0000000702e00000, 0x0000000702c00000| Untracked 
|  23|0x0000000702e00000, 0x0000000703000000, 0x0000000703000000|100%| O|  |TAMS 0x0000000703000000, 0x0000000702e00000| Untracked 
|  24|0x0000000703000000, 0x0000000703200000, 0x0000000703200000|100%|HS|  |TAMS 0x0000000703200000, 0x0000000703000000| Complete 
|  25|0x0000000703200000, 0x0000000703400000, 0x0000000703400000|100%|HS|  |TAMS 0x0000000703400000, 0x0000000703200000| Complete 
|  26|0x0000000703400000, 0x0000000703600000, 0x0000000703600000|100%| O|  |TAMS 0x0000000703600000, 0x0000000703400000| Untracked 
|  27|0x0000000703600000, 0x0000000703800000, 0x0000000703800000|100%| O|  |TAMS 0x0000000703800000, 0x0000000703600000| Untracked 
|  28|0x0000000703800000, 0x0000000703a00000, 0x0000000703a00000|100%| O|  |TAMS 0x0000000703a00000, 0x0000000703800000| Untracked 
|  29|0x0000000703a00000, 0x0000000703c00000, 0x0000000703c00000|100%| O|  |TAMS 0x0000000703c00000, 0x0000000703a00000| Untracked 
|  30|0x0000000703c00000, 0x0000000703e00000, 0x0000000703e00000|100%| O|  |TAMS 0x0000000703e00000, 0x0000000703c00000| Untracked 
|  31|0x0000000703e00000, 0x0000000704000000, 0x0000000704000000|100%| O|  |TAMS 0x0000000703e00000, 0x0000000703e00000| Untracked 
|  32|0x0000000704000000, 0x0000000704200000, 0x0000000704200000|100%| O|  |TAMS 0x0000000704200000, 0x0000000704000000| Untracked 
|  33|0x0000000704200000, 0x0000000704400000, 0x0000000704400000|100%| O|  |TAMS 0x0000000704400000, 0x0000000704200000| Untracked 
|  34|0x0000000704400000, 0x0000000704600000, 0x0000000704600000|100%| O|  |TAMS 0x0000000704600000, 0x0000000704400000| Untracked 
|  35|0x0000000704600000, 0x0000000704800000, 0x0000000704800000|100%| O|  |TAMS 0x0000000704800000, 0x0000000704600000| Untracked 
|  36|0x0000000704800000, 0x0000000704a00000, 0x0000000704a00000|100%| O|  |TAMS 0x0000000704a00000, 0x0000000704800000| Untracked 
|  37|0x0000000704a00000, 0x0000000704c00000, 0x0000000704c00000|100%| O|  |TAMS 0x0000000704c00000, 0x0000000704a00000| Untracked 
|  38|0x0000000704c00000, 0x0000000704e00000, 0x0000000704e00000|100%| O|  |TAMS 0x0000000704e00000, 0x0000000704c00000| Untracked 
|  39|0x0000000704e00000, 0x0000000705000000, 0x0000000705000000|100%| O|  |TAMS 0x0000000705000000, 0x0000000704e00000| Untracked 
|  40|0x0000000705000000, 0x0000000705200000, 0x0000000705200000|100%|HS|  |TAMS 0x0000000705200000, 0x0000000705000000| Complete 
|  41|0x0000000705200000, 0x0000000705400000, 0x0000000705400000|100%|HC|  |TAMS 0x0000000705400000, 0x0000000705200000| Complete 
|  42|0x0000000705400000, 0x0000000705600000, 0x0000000705600000|100%| O|  |TAMS 0x0000000705600000, 0x0000000705400000| Untracked 
|  43|0x0000000705600000, 0x0000000705800000, 0x0000000705800000|100%| O|  |TAMS 0x0000000705800000, 0x0000000705600000| Untracked 
|  44|0x0000000705800000, 0x0000000705a00000, 0x0000000705a00000|100%| O|  |TAMS 0x0000000705a00000, 0x0000000705800000| Untracked 
|  45|0x0000000705a00000, 0x0000000705c00000, 0x0000000705c00000|100%| O|  |TAMS 0x0000000705c00000, 0x0000000705a00000| Untracked 
|  46|0x0000000705c00000, 0x0000000705e00000, 0x0000000705e00000|100%| O|  |TAMS 0x0000000705e00000, 0x0000000705c00000| Untracked 
|  47|0x0000000705e00000, 0x0000000706000000, 0x0000000706000000|100%| O|  |TAMS 0x0000000706000000, 0x0000000705e00000| Untracked 
|  48|0x0000000706000000, 0x0000000706200000, 0x0000000706200000|100%| O|  |TAMS 0x0000000706200000, 0x0000000706000000| Untracked 
|  49|0x0000000706200000, 0x0000000706400000, 0x0000000706400000|100%| O|  |TAMS 0x0000000706400000, 0x0000000706200000| Untracked 
|  50|0x0000000706400000, 0x0000000706600000, 0x0000000706600000|100%| O|  |TAMS 0x0000000706600000, 0x0000000706400000| Untracked 
|  51|0x0000000706600000, 0x0000000706800000, 0x0000000706800000|100%| O|  |TAMS 0x0000000706800000, 0x0000000706600000| Untracked 
|  52|0x0000000706800000, 0x0000000706a00000, 0x0000000706a00000|100%|HS|  |TAMS 0x0000000706a00000, 0x0000000706800000| Complete 
|  53|0x0000000706a00000, 0x0000000706c00000, 0x0000000706c00000|100%|HC|  |TAMS 0x0000000706c00000, 0x0000000706a00000| Complete 
|  54|0x0000000706c00000, 0x0000000706e00000, 0x0000000706e00000|100%| O|  |TAMS 0x0000000706e00000, 0x0000000706c00000| Untracked 
|  55|0x0000000706e00000, 0x0000000707000000, 0x0000000707000000|100%| O|  |TAMS 0x0000000707000000, 0x0000000706e00000| Untracked 
|  56|0x0000000707000000, 0x0000000707200000, 0x0000000707200000|100%| O|  |TAMS 0x0000000707200000, 0x0000000707000000| Untracked 
|  57|0x0000000707200000, 0x0000000707400000, 0x0000000707400000|100%| O|  |TAMS 0x0000000707400000, 0x0000000707200000| Untracked 
|  58|0x0000000707400000, 0x0000000707440600, 0x0000000707600000| 12%| O|  |TAMS 0x0000000707400000, 0x0000000707400000| Untracked 
|  59|0x0000000707600000, 0x0000000707800000, 0x0000000707800000|100%|HS|  |TAMS 0x0000000707600000, 0x0000000707600000| Complete 
|  60|0x0000000707800000, 0x0000000707a00000, 0x0000000707a00000|100%| O|  |TAMS 0x0000000707a00000, 0x0000000707800000| Untracked 
|  61|0x0000000707a00000, 0x0000000707c00000, 0x0000000707c00000|100%| O|  |TAMS 0x0000000707c00000, 0x0000000707a00000| Untracked 
|  62|0x0000000707c00000, 0x0000000707e00000, 0x0000000707e00000|100%| O|  |TAMS 0x0000000707e00000, 0x0000000707c00000| Untracked 
|  63|0x0000000707e00000, 0x0000000708000000, 0x0000000708000000|100%| O|  |TAMS 0x0000000708000000, 0x0000000707e00000| Untracked 
|  64|0x0000000708000000, 0x0000000708200000, 0x0000000708200000|100%| O|  |TAMS 0x0000000708200000, 0x0000000708000000| Untracked 
|  65|0x0000000708200000, 0x0000000708400000, 0x0000000708400000|100%| O|  |TAMS 0x0000000708400000, 0x0000000708200000| Untracked 
|  66|0x0000000708400000, 0x0000000708600000, 0x0000000708600000|100%| O|  |TAMS 0x0000000708600000, 0x0000000708400000| Untracked 
|  67|0x0000000708600000, 0x0000000708800000, 0x0000000708800000|100%| O|  |TAMS 0x0000000708800000, 0x0000000708600000| Untracked 
|  68|0x0000000708800000, 0x0000000708a00000, 0x0000000708a00000|100%| O|  |TAMS 0x0000000708a00000, 0x0000000708800000| Untracked 
|  69|0x0000000708a00000, 0x0000000708c00000, 0x0000000708c00000|100%| O|  |TAMS 0x0000000708c00000, 0x0000000708a00000| Untracked 
|  70|0x0000000708c00000, 0x0000000708e00000, 0x0000000708e00000|100%| O|  |TAMS 0x0000000708e00000, 0x0000000708c00000| Untracked 
|  71|0x0000000708e00000, 0x0000000709000000, 0x0000000709000000|100%| O|  |TAMS 0x0000000709000000, 0x0000000708e00000| Untracked 
|  72|0x0000000709000000, 0x0000000709200000, 0x0000000709200000|100%| O|  |TAMS 0x0000000709200000, 0x0000000709000000| Untracked 
|  73|0x0000000709200000, 0x0000000709400000, 0x0000000709400000|100%| O|  |TAMS 0x0000000709400000, 0x0000000709200000| Untracked 
|  74|0x0000000709400000, 0x0000000709600000, 0x0000000709600000|100%| O|  |TAMS 0x0000000709600000, 0x0000000709400000| Untracked 
|  75|0x0000000709600000, 0x0000000709800000, 0x0000000709800000|100%| O|  |TAMS 0x0000000709800000, 0x0000000709600000| Untracked 
|  76|0x0000000709800000, 0x0000000709a00000, 0x0000000709a00000|100%| O|  |TAMS 0x0000000709a00000, 0x0000000709800000| Untracked 
|  77|0x0000000709a00000, 0x0000000709a00000, 0x0000000709c00000|  0%| F|  |TAMS 0x0000000709a00000, 0x0000000709a00000| Untracked 
|  78|0x0000000709c00000, 0x0000000709e00000, 0x0000000709e00000|100%| O|  |TAMS 0x0000000709e00000, 0x0000000709c00000| Untracked 
|  79|0x0000000709e00000, 0x000000070a000000, 0x000000070a000000|100%|HS|  |TAMS 0x0000000709e00000, 0x0000000709e00000| Complete 
|  80|0x000000070a000000, 0x000000070a200000, 0x000000070a200000|100%|HC|  |TAMS 0x000000070a000000, 0x000000070a000000| Complete 
|  81|0x000000070a200000, 0x000000070a400000, 0x000000070a400000|100%| O|  |TAMS 0x000000070a200000, 0x000000070a200000| Untracked 
|  82|0x000000070a400000, 0x000000070a600000, 0x000000070a600000|100%| O|  |TAMS 0x000000070a400000, 0x000000070a400000| Untracked 
|  83|0x000000070a600000, 0x000000070a800000, 0x000000070a800000|100%| O|  |TAMS 0x000000070a600000, 0x000000070a600000| Untracked 
|  84|0x000000070a800000, 0x000000070a800000, 0x000000070aa00000|  0%| F|  |TAMS 0x000000070a800000, 0x000000070a800000| Untracked 
|  85|0x000000070aa00000, 0x000000070aa00000, 0x000000070ac00000|  0%| F|  |TAMS 0x000000070aa00000, 0x000000070aa00000| Untracked 
|  86|0x000000070ac00000, 0x000000070ae00000, 0x000000070ae00000|100%| O|  |TAMS 0x000000070ae00000, 0x000000070ac00000| Untracked 
|  87|0x000000070ae00000, 0x000000070b000000, 0x000000070b000000|100%| O|  |TAMS 0x000000070b000000, 0x000000070ae00000| Untracked 
|  88|0x000000070b000000, 0x000000070b200000, 0x000000070b200000|100%| O|  |TAMS 0x000000070b200000, 0x000000070b000000| Untracked 
|  89|0x000000070b200000, 0x000000070b400000, 0x000000070b400000|100%| O|  |TAMS 0x000000070b400000, 0x000000070b200000| Untracked 
|  90|0x000000070b400000, 0x000000070b600000, 0x000000070b600000|100%| O|  |TAMS 0x000000070b600000, 0x000000070b400000| Untracked 
|  91|0x000000070b600000, 0x000000070b600000, 0x000000070b800000|  0%| F|  |TAMS 0x000000070b600000, 0x000000070b600000| Untracked 
|  92|0x000000070b800000, 0x000000070b800000, 0x000000070ba00000|  0%| F|  |TAMS 0x000000070b800000, 0x000000070b800000| Untracked 
|  93|0x000000070ba00000, 0x000000070ba00000, 0x000000070bc00000|  0%| F|  |TAMS 0x000000070ba00000, 0x000000070ba00000| Untracked 
|  94|0x000000070bc00000, 0x000000070be00000, 0x000000070be00000|100%|HS|  |TAMS 0x000000070be00000, 0x000000070bc00000| Complete 
|  95|0x000000070be00000, 0x000000070c000000, 0x000000070c000000|100%|HC|  |TAMS 0x000000070c000000, 0x000000070be00000| Complete 
|  96|0x000000070c000000, 0x000000070c200000, 0x000000070c200000|100%|HS|  |TAMS 0x000000070c200000, 0x000000070c000000| Complete 
|  97|0x000000070c200000, 0x000000070c400000, 0x000000070c400000|100%|HC|  |TAMS 0x000000070c400000, 0x000000070c200000| Complete 
|  98|0x000000070c400000, 0x000000070c600000, 0x000000070c600000|100%|HC|  |TAMS 0x000000070c600000, 0x000000070c400000| Complete 
|  99|0x000000070c600000, 0x000000070c800000, 0x000000070c800000|100%| O|  |TAMS 0x000000070c800000, 0x000000070c600000| Untracked 
| 100|0x000000070c800000, 0x000000070ca00000, 0x000000070ca00000|100%| O|  |TAMS 0x000000070ca00000, 0x000000070c800000| Untracked 
| 101|0x000000070ca00000, 0x000000070cc00000, 0x000000070cc00000|100%| O|  |TAMS 0x000000070cc00000, 0x000000070ca00000| Untracked 
| 102|0x000000070cc00000, 0x000000070ce00000, 0x000000070ce00000|100%| O|  |TAMS 0x000000070ce00000, 0x000000070cc00000| Untracked 
| 103|0x000000070ce00000, 0x000000070d000000, 0x000000070d000000|100%| O|  |TAMS 0x000000070d000000, 0x000000070ce00000| Untracked 
| 104|0x000000070d000000, 0x000000070d000000, 0x000000070d200000|  0%| F|  |TAMS 0x000000070d000000, 0x000000070d000000| Untracked 
| 105|0x000000070d200000, 0x000000070d400000, 0x000000070d400000|100%|HS|  |TAMS 0x000000070d400000, 0x000000070d200000| Complete 
| 106|0x000000070d400000, 0x000000070d400000, 0x000000070d600000|  0%| F|  |TAMS 0x000000070d400000, 0x000000070d400000| Untracked 
| 107|0x000000070d600000, 0x000000070d600000, 0x000000070d800000|  0%| F|  |TAMS 0x000000070d600000, 0x000000070d600000| Untracked 
| 108|0x000000070d800000, 0x000000070d800000, 0x000000070da00000|  0%| F|  |TAMS 0x000000070d800000, 0x000000070d800000| Untracked 
| 109|0x000000070da00000, 0x000000070dc00000, 0x000000070dc00000|100%| O|  |TAMS 0x000000070dc00000, 0x000000070da00000| Untracked 
| 110|0x000000070dc00000, 0x000000070de00000, 0x000000070de00000|100%| O|  |TAMS 0x000000070de00000, 0x000000070dc00000| Untracked 
| 111|0x000000070de00000, 0x000000070e000000, 0x000000070e000000|100%| O|  |TAMS 0x000000070e000000, 0x000000070de00000| Untracked 
| 112|0x000000070e000000, 0x000000070e200000, 0x000000070e200000|100%| O|  |TAMS 0x000000070e200000, 0x000000070e000000| Untracked 
| 113|0x000000070e200000, 0x000000070e400000, 0x000000070e400000|100%| O|  |TAMS 0x000000070e400000, 0x000000070e200000| Untracked 
| 114|0x000000070e400000, 0x000000070e600000, 0x000000070e600000|100%| O|  |TAMS 0x000000070e600000, 0x000000070e400000| Untracked 
| 115|0x000000070e600000, 0x000000070e800000, 0x000000070e800000|100%| O|  |TAMS 0x000000070e800000, 0x000000070e600000| Untracked 
| 116|0x000000070e800000, 0x000000070ea00000, 0x000000070ea00000|100%| O|  |TAMS 0x000000070e9a0800, 0x000000070e800000| Untracked 
| 117|0x000000070ea00000, 0x000000070ec00000, 0x000000070ec00000|100%| O|  |TAMS 0x000000070ea00000, 0x000000070ea00000| Untracked 
| 118|0x000000070ec00000, 0x000000070ee00000, 0x000000070ee00000|100%| O|  |TAMS 0x000000070ec00000, 0x000000070ec00000| Untracked 
| 119|0x000000070ee00000, 0x000000070ee00000, 0x000000070f000000|  0%| F|  |TAMS 0x000000070ee00000, 0x000000070ee00000| Untracked 
| 120|0x000000070f000000, 0x000000070f000000, 0x000000070f200000|  0%| F|  |TAMS 0x000000070f000000, 0x000000070f000000| Untracked 
| 121|0x000000070f200000, 0x000000070f200000, 0x000000070f400000|  0%| F|  |TAMS 0x000000070f200000, 0x000000070f200000| Untracked 
| 122|0x000000070f400000, 0x000000070f400000, 0x000000070f600000|  0%| F|  |TAMS 0x000000070f400000, 0x000000070f400000| Untracked 
| 123|0x000000070f600000, 0x000000070f600000, 0x000000070f800000|  0%| F|  |TAMS 0x000000070f600000, 0x000000070f600000| Untracked 
| 124|0x000000070f800000, 0x000000070f800000, 0x000000070fa00000|  0%| F|  |TAMS 0x000000070f800000, 0x000000070f800000| Untracked 
| 125|0x000000070fa00000, 0x000000070fa00000, 0x000000070fc00000|  0%| F|  |TAMS 0x000000070fa00000, 0x000000070fa00000| Untracked 
| 126|0x000000070fc00000, 0x000000070fc00000, 0x000000070fe00000|  0%| F|  |TAMS 0x000000070fc00000, 0x000000070fc00000| Untracked 
| 127|0x000000070fe00000, 0x000000070fe00000, 0x0000000710000000|  0%| F|  |TAMS 0x000000070fe00000, 0x000000070fe00000| Untracked 
| 128|0x0000000710000000, 0x0000000710000000, 0x0000000710200000|  0%| F|  |TAMS 0x0000000710000000, 0x0000000710000000| Untracked 
| 129|0x0000000710200000, 0x0000000710200000, 0x0000000710400000|  0%| F|  |TAMS 0x0000000710200000, 0x0000000710200000| Untracked 
| 130|0x0000000710400000, 0x0000000710400000, 0x0000000710600000|  0%| F|  |TAMS 0x0000000710400000, 0x0000000710400000| Untracked 
| 131|0x0000000710600000, 0x0000000710600000, 0x0000000710800000|  0%| F|  |TAMS 0x0000000710600000, 0x0000000710600000| Untracked 
| 132|0x0000000710800000, 0x0000000710800000, 0x0000000710a00000|  0%| F|  |TAMS 0x0000000710800000, 0x0000000710800000| Untracked 
| 133|0x0000000710a00000, 0x0000000710bc3ef0, 0x0000000710c00000| 88%| S|CS|TAMS 0x0000000710a00000, 0x0000000710a00000| Complete 
| 134|0x0000000710c00000, 0x0000000710e00000, 0x0000000710e00000|100%| S|CS|TAMS 0x0000000710c00000, 0x0000000710c00000| Complete 
| 135|0x0000000710e00000, 0x0000000711000000, 0x0000000711000000|100%| S|CS|TAMS 0x0000000710e00000, 0x0000000710e00000| Complete 
| 136|0x0000000711000000, 0x0000000711200000, 0x0000000711200000|100%| S|CS|TAMS 0x0000000711000000, 0x0000000711000000| Complete 
| 137|0x0000000711200000, 0x0000000711200000, 0x0000000711400000|  0%| F|  |TAMS 0x0000000711200000, 0x0000000711200000| Untracked 
| 138|0x0000000711400000, 0x0000000711400000, 0x0000000711600000|  0%| F|  |TAMS 0x0000000711400000, 0x0000000711400000| Untracked 
| 139|0x0000000711600000, 0x0000000711600000, 0x0000000711800000|  0%| F|  |TAMS 0x0000000711600000, 0x0000000711600000| Untracked 
| 140|0x0000000711800000, 0x0000000711800000, 0x0000000711a00000|  0%| F|  |TAMS 0x0000000711800000, 0x0000000711800000| Untracked 
| 141|0x0000000711a00000, 0x0000000711a00000, 0x0000000711c00000|  0%| F|  |TAMS 0x0000000711a00000, 0x0000000711a00000| Untracked 
| 142|0x0000000711c00000, 0x0000000711c00000, 0x0000000711e00000|  0%| F|  |TAMS 0x0000000711c00000, 0x0000000711c00000| Untracked 
| 143|0x0000000711e00000, 0x0000000712000000, 0x0000000712000000|100%| S|CS|TAMS 0x0000000711e00000, 0x0000000711e00000| Complete 
| 144|0x0000000712000000, 0x0000000712200000, 0x0000000712200000|100%| S|CS|TAMS 0x0000000712000000, 0x0000000712000000| Complete 
| 145|0x0000000712200000, 0x0000000712400000, 0x0000000712400000|100%| S|CS|TAMS 0x0000000712200000, 0x0000000712200000| Complete 
| 146|0x0000000712400000, 0x0000000712600000, 0x0000000712600000|100%| S|CS|TAMS 0x0000000712400000, 0x0000000712400000| Complete 
| 147|0x0000000712600000, 0x0000000712600000, 0x0000000712800000|  0%| F|  |TAMS 0x0000000712600000, 0x0000000712600000| Untracked 
| 148|0x0000000712800000, 0x0000000712800000, 0x0000000712a00000|  0%| F|  |TAMS 0x0000000712800000, 0x0000000712800000| Untracked 
| 149|0x0000000712a00000, 0x0000000712a00000, 0x0000000712c00000|  0%| F|  |TAMS 0x0000000712a00000, 0x0000000712a00000| Untracked 
| 150|0x0000000712c00000, 0x0000000712c00000, 0x0000000712e00000|  0%| F|  |TAMS 0x0000000712c00000, 0x0000000712c00000| Untracked 
| 151|0x0000000712e00000, 0x0000000712e00000, 0x0000000713000000|  0%| F|  |TAMS 0x0000000712e00000, 0x0000000712e00000| Untracked 
| 152|0x0000000713000000, 0x0000000713000000, 0x0000000713200000|  0%| F|  |TAMS 0x0000000713000000, 0x0000000713000000| Untracked 
| 153|0x0000000713200000, 0x0000000713200000, 0x0000000713400000|  0%| F|  |TAMS 0x0000000713200000, 0x0000000713200000| Untracked 
| 154|0x0000000713400000, 0x0000000713400000, 0x0000000713600000|  0%| F|  |TAMS 0x0000000713400000, 0x0000000713400000| Untracked 
| 155|0x0000000713600000, 0x0000000713600000, 0x0000000713800000|  0%| F|  |TAMS 0x0000000713600000, 0x0000000713600000| Untracked 
| 156|0x0000000713800000, 0x0000000713800000, 0x0000000713a00000|  0%| F|  |TAMS 0x0000000713800000, 0x0000000713800000| Untracked 
| 157|0x0000000713a00000, 0x0000000713a00000, 0x0000000713c00000|  0%| F|  |TAMS 0x0000000713a00000, 0x0000000713a00000| Untracked 
| 158|0x0000000713c00000, 0x0000000713c00000, 0x0000000713e00000|  0%| F|  |TAMS 0x0000000713c00000, 0x0000000713c00000| Untracked 
| 159|0x0000000713e00000, 0x0000000713e00000, 0x0000000714000000|  0%| F|  |TAMS 0x0000000713e00000, 0x0000000713e00000| Untracked 
| 160|0x0000000714000000, 0x0000000714000000, 0x0000000714200000|  0%| F|  |TAMS 0x0000000714000000, 0x0000000714000000| Untracked 
| 161|0x0000000714200000, 0x0000000714200000, 0x0000000714400000|  0%| F|  |TAMS 0x0000000714200000, 0x0000000714200000| Untracked 
| 162|0x0000000714400000, 0x0000000714400000, 0x0000000714600000|  0%| F|  |TAMS 0x0000000714400000, 0x0000000714400000| Untracked 
| 163|0x0000000714600000, 0x000000071473df48, 0x0000000714800000| 62%| E|  |TAMS 0x0000000714600000, 0x0000000714600000| Complete 
| 164|0x0000000714800000, 0x0000000714a00000, 0x0000000714a00000|100%| E|CS|TAMS 0x0000000714800000, 0x0000000714800000| Complete 
| 165|0x0000000714a00000, 0x0000000714c00000, 0x0000000714c00000|100%| E|CS|TAMS 0x0000000714a00000, 0x0000000714a00000| Complete 
| 166|0x0000000714c00000, 0x0000000714e00000, 0x0000000714e00000|100%| E|CS|TAMS 0x0000000714c00000, 0x0000000714c00000| Complete 
| 167|0x0000000714e00000, 0x0000000715000000, 0x0000000715000000|100%| E|CS|TAMS 0x0000000714e00000, 0x0000000714e00000| Complete 
| 168|0x0000000715000000, 0x0000000715200000, 0x0000000715200000|100%| E|CS|TAMS 0x0000000715000000, 0x0000000715000000| Complete 
| 169|0x0000000715200000, 0x0000000715400000, 0x0000000715400000|100%| E|CS|TAMS 0x0000000715200000, 0x0000000715200000| Complete 
| 170|0x0000000715400000, 0x0000000715600000, 0x0000000715600000|100%| E|CS|TAMS 0x0000000715400000, 0x0000000715400000| Complete 
| 171|0x0000000715600000, 0x0000000715800000, 0x0000000715800000|100%| E|CS|TAMS 0x0000000715600000, 0x0000000715600000| Complete 
| 172|0x0000000715800000, 0x0000000715a00000, 0x0000000715a00000|100%| E|CS|TAMS 0x0000000715800000, 0x0000000715800000| Complete 
| 173|0x0000000715a00000, 0x0000000715c00000, 0x0000000715c00000|100%| E|CS|TAMS 0x0000000715a00000, 0x0000000715a00000| Complete 
| 174|0x0000000715c00000, 0x0000000715e00000, 0x0000000715e00000|100%| E|CS|TAMS 0x0000000715c00000, 0x0000000715c00000| Complete 
| 175|0x0000000715e00000, 0x0000000716000000, 0x0000000716000000|100%| E|CS|TAMS 0x0000000715e00000, 0x0000000715e00000| Complete 
| 176|0x0000000716000000, 0x0000000716200000, 0x0000000716200000|100%| E|CS|TAMS 0x0000000716000000, 0x0000000716000000| Complete 
| 177|0x0000000716200000, 0x0000000716400000, 0x0000000716400000|100%| E|CS|TAMS 0x0000000716200000, 0x0000000716200000| Complete 
| 178|0x0000000716400000, 0x0000000716600000, 0x0000000716600000|100%| E|CS|TAMS 0x0000000716400000, 0x0000000716400000| Complete 
| 179|0x0000000716600000, 0x0000000716800000, 0x0000000716800000|100%| E|CS|TAMS 0x0000000716600000, 0x0000000716600000| Complete 
| 180|0x0000000716800000, 0x0000000716a00000, 0x0000000716a00000|100%| E|CS|TAMS 0x0000000716800000, 0x0000000716800000| Complete 
| 181|0x0000000716a00000, 0x0000000716c00000, 0x0000000716c00000|100%| E|CS|TAMS 0x0000000716a00000, 0x0000000716a00000| Complete 
| 182|0x0000000716c00000, 0x0000000716e00000, 0x0000000716e00000|100%| E|CS|TAMS 0x0000000716c00000, 0x0000000716c00000| Complete 
| 183|0x0000000716e00000, 0x0000000717000000, 0x0000000717000000|100%| E|CS|TAMS 0x0000000716e00000, 0x0000000716e00000| Complete 
| 184|0x0000000717000000, 0x0000000717200000, 0x0000000717200000|100%| E|  |TAMS 0x0000000717000000, 0x0000000717000000| Complete 
| 185|0x0000000717200000, 0x0000000717400000, 0x0000000717400000|100%| E|CS|TAMS 0x0000000717200000, 0x0000000717200000| Complete 
| 186|0x0000000717400000, 0x0000000717600000, 0x0000000717600000|100%| E|CS|TAMS 0x0000000717400000, 0x0000000717400000| Complete 
| 187|0x0000000717600000, 0x0000000717800000, 0x0000000717800000|100%| E|CS|TAMS 0x0000000717600000, 0x0000000717600000| Complete 
| 188|0x0000000717800000, 0x0000000717a00000, 0x0000000717a00000|100%| E|CS|TAMS 0x0000000717800000, 0x0000000717800000| Complete 
| 189|0x0000000717a00000, 0x0000000717c00000, 0x0000000717c00000|100%| E|CS|TAMS 0x0000000717a00000, 0x0000000717a00000| Complete 
| 190|0x0000000717c00000, 0x0000000717e00000, 0x0000000717e00000|100%| E|CS|TAMS 0x0000000717c00000, 0x0000000717c00000| Complete 
| 191|0x0000000717e00000, 0x0000000718000000, 0x0000000718000000|100%| E|CS|TAMS 0x0000000717e00000, 0x0000000717e00000| Complete 
| 192|0x0000000718000000, 0x0000000718200000, 0x0000000718200000|100%| E|CS|TAMS 0x0000000718000000, 0x0000000718000000| Complete 
| 193|0x0000000718200000, 0x0000000718400000, 0x0000000718400000|100%| E|CS|TAMS 0x0000000718200000, 0x0000000718200000| Complete 
| 194|0x0000000718400000, 0x0000000718600000, 0x0000000718600000|100%| E|CS|TAMS 0x0000000718400000, 0x0000000718400000| Complete 
| 195|0x0000000718600000, 0x0000000718800000, 0x0000000718800000|100%| E|CS|TAMS 0x0000000718600000, 0x0000000718600000| Complete 
| 196|0x0000000718800000, 0x0000000718a00000, 0x0000000718a00000|100%| E|CS|TAMS 0x0000000718800000, 0x0000000718800000| Complete 
| 197|0x0000000718a00000, 0x0000000718c00000, 0x0000000718c00000|100%| E|CS|TAMS 0x0000000718a00000, 0x0000000718a00000| Complete 
| 198|0x0000000718c00000, 0x0000000718e00000, 0x0000000718e00000|100%| E|CS|TAMS 0x0000000718c00000, 0x0000000718c00000| Complete 
| 199|0x0000000718e00000, 0x0000000719000000, 0x0000000719000000|100%| E|CS|TAMS 0x0000000718e00000, 0x0000000718e00000| Complete 
| 200|0x0000000719000000, 0x0000000719200000, 0x0000000719200000|100%| E|CS|TAMS 0x0000000719000000, 0x0000000719000000| Complete 
| 201|0x0000000719200000, 0x0000000719400000, 0x0000000719400000|100%| E|CS|TAMS 0x0000000719200000, 0x0000000719200000| Complete 
| 202|0x0000000719400000, 0x0000000719600000, 0x0000000719600000|100%| E|CS|TAMS 0x0000000719400000, 0x0000000719400000| Complete 
| 203|0x0000000719600000, 0x0000000719800000, 0x0000000719800000|100%| E|CS|TAMS 0x0000000719600000, 0x0000000719600000| Complete 
|2047|0x00000007ffe00000, 0x0000000800000000, 0x0000000800000000|100%| O|  |TAMS 0x0000000800000000, 0x00000007ffe00000| Untracked 

Card table byte_map: [0x00000210f1430000,0x00000210f1c30000] _byte_map_base: 0x00000210edc30000

Marking Bits (Prev, Next): (CMBitMap*) 0x00000210d9e8f290, (CMBitMap*) 0x00000210d9e8f2d0
 Prev Bits: [0x00000210f2430000, 0x00000210f6430000)
 Next Bits: [0x00000210f6430000, 0x00000210fa430000)

Polling page: 0x00000210d7ca0000

Metaspace:

Usage:
  Non-class:    138.81 MB used.
      Class:     20.36 MB used.
       Both:    159.18 MB used.

Virtual space:
  Non-class space:      192.00 MB reserved,     139.38 MB ( 73%) committed,  3 nodes.
      Class space:        1.00 GB reserved,      20.88 MB (  2%) committed,  1 nodes.
             Both:        1.19 GB reserved,     160.25 MB ( 13%) committed. 

Chunk freelists:
   Non-Class:  3.88 MB
       Class:  11.03 MB
        Both:  14.91 MB

MaxMetaspaceSize: 2.00 GB
CompressedClassSpaceSize: 1.00 GB
Initial GC threshold: 21.00 MB
Current GC threshold: 250.12 MB
CDS: on
MetaspaceReclaimPolicy: balanced
 - commit_granule_bytes: 65536.
 - commit_granule_words: 8192.
 - virtual_space_node_default_size: 8388608.
 - enlarge_chunks_in_place: 1.
 - new_chunks_are_fully_committed: 0.
 - uncommit_free_chunks: 1.
 - use_allocation_guard: 0.
 - handle_deallocations: 1.


Internal statistics:

num_allocs_failed_limit: 6.
num_arena_births: 1388.
num_arena_deaths: 8.
num_vsnodes_births: 4.
num_vsnodes_deaths: 0.
num_space_committed: 2562.
num_space_uncommitted: 0.
num_chunks_returned_to_freelist: 22.
num_chunks_taken_from_freelist: 7731.
num_chunk_merges: 6.
num_chunk_splits: 5687.
num_chunks_enlarged: 4395.
num_inconsistent_stats: 0.

CodeHeap 'non-profiled nmethods': size=120000Kb used=14709Kb max_used=14709Kb free=105290Kb
 bounds [0x00000210e93d0000, 0x00000210ea230000, 0x00000210f0900000]
CodeHeap 'profiled nmethods': size=120000Kb used=50696Kb max_used=50696Kb free=69303Kb
 bounds [0x00000210e1900000, 0x00000210e4a90000, 0x00000210e8e30000]
CodeHeap 'non-nmethods': size=5760Kb used=2619Kb max_used=2693Kb free=3141Kb
 bounds [0x00000210e8e30000, 0x00000210e90f0000, 0x00000210e93d0000]
 total_blobs=22004 nmethods=20836 adapters=1075
 compilation: enabled
              stopped_count=0, restarted_count=0
 full_count=0

Compilation events (20 events):
Event: 76.486 Thread 0x00000210fc6fd230 24532       3       org.codehaus.groovy.classgen.asm.OperandStack::doGroovyCast (7 bytes)
Event: 76.486 Thread 0x00000210fc6fd230 nmethod 24532 0x00000210e4a70a10 code [0x00000210e4a70ba0, 0x00000210e4a70ce8]
Event: 76.486 Thread 0x00000210fc6fd230 24533       3       org.codehaus.groovy.classgen.asm.OperandStack::doConvertAndCast (222 bytes)
Event: 76.488 Thread 0x00000210fc6fd230 nmethod 24533 0x00000210e4a70d90 code [0x00000210e4a71120, 0x00000210e4a72ba8]
Event: 76.488 Thread 0x00000210fc6fd230 24535       3       org.codehaus.groovy.ast.tools.GenericsUtils::parameterizeType (147 bytes)
Event: 76.489 Thread 0x00000210fc6fd230 nmethod 24535 0x00000210e4a73390 code [0x00000210e4a73720, 0x00000210e4a75268]
Event: 76.489 Thread 0x00000210fc6fd230 24534       3       org.codehaus.groovy.control.LabelVerifier::visitStatement (106 bytes)
Event: 76.490 Thread 0x00000210fc6fd230 nmethod 24534 0x00000210e4a75990 code [0x00000210e4a75be0, 0x00000210e4a766b8]
Event: 76.490 Thread 0x00000210fc6fd230 24536       3       org.codehaus.groovy.classgen.AsmClassGenerator::onLineNumber (85 bytes)
Event: 76.491 Thread 0x00000210fc6fd230 nmethod 24536 0x00000210e4a76a10 code [0x00000210e4a76c20, 0x00000210e4a77428]
Event: 76.547 Thread 0x00000210d6bd7000 nmethod 24444 0x00000210ea21af10 code [0x00000210ea21b2e0, 0x00000210ea21efe0]
Event: 76.547 Thread 0x00000210d6bd7000 24449 %     4       groovyjarjarantlr4.v4.runtime.atn.ParserATNSimulator::closure @ 46 (98 bytes)
Event: 76.551 Thread 0x00000210fc6fd230 24537       1       sun.nio.fs.WindowsPath::getPathForExceptionMessage (5 bytes)
Event: 76.551 Thread 0x00000210fc6fd230 nmethod 24537 0x00000210ea221c10 code [0x00000210ea221da0, 0x00000210ea221e78]
Event: 76.568 Thread 0x00000210d6bd7000 nmethod 24449% 0x00000210ea221f10 code [0x00000210ea222100, 0x00000210ea222d38]
Event: 76.568 Thread 0x00000210d6bd7000 24443       4       java.util.TimSort::gallopRight (335 bytes)
Event: 76.584 Thread 0x00000210fc6fc920 nmethod 24458 0x00000210ea223290 code [0x00000210ea223640, 0x00000210ea226c70]
Event: 76.584 Thread 0x00000210fc6fc920 24442       4       java.util.HashMap::keysToArray (81 bytes)
Event: 76.590 Thread 0x00000210fc6fc920 nmethod 24442 0x00000210ea229890 code [0x00000210ea229a20, 0x00000210ea229cf8]
Event: 76.590 Thread 0x00000210fc6fc920 24448       4       groovyjarjarantlr4.v4.runtime.atn.ParserATNSimulator::getReachableTarget (23 bytes)

GC Heap History (20 events):
Event: 63.953 GC heap before
{Heap before GC invocations=74 (full 0):
 garbage-first heap   total 331776K, used 266490K [0x0000000700000000, 0x0000000800000000)
  region size 2048K, 30 young (61440K), 4 survivors (8192K)
 Metaspace       used 146929K, committed 147904K, reserved 1179648K
  class space    used 18717K, committed 19200K, reserved 1048576K
}
Event: 63.962 GC heap after
{Heap after GC invocations=75 (full 0):
 garbage-first heap   total 331776K, used 222255K [0x0000000700000000, 0x0000000800000000)
  region size 2048K, 4 young (8192K), 4 survivors (8192K)
 Metaspace       used 146929K, committed 147904K, reserved 1179648K
  class space    used 18717K, committed 19200K, reserved 1048576K
}
Event: 66.278 GC heap before
{Heap before GC invocations=75 (full 0):
 garbage-first heap   total 331776K, used 271407K [0x0000000700000000, 0x0000000800000000)
  region size 2048K, 28 young (57344K), 4 survivors (8192K)
 Metaspace       used 149868K, committed 150848K, reserved 1245184K
  class space    used 18931K, committed 19392K, reserved 1048576K
}
Event: 66.286 GC heap after
{Heap after GC invocations=76 (full 0):
 garbage-first heap   total 331776K, used 231702K [0x0000000700000000, 0x0000000800000000)
  region size 2048K, 4 young (8192K), 4 survivors (8192K)
 Metaspace       used 149868K, committed 150848K, reserved 1245184K
  class space    used 18931K, committed 19392K, reserved 1048576K
}
Event: 67.347 GC heap before
{Heap before GC invocations=76 (full 0):
 garbage-first heap   total 331776K, used 274710K [0x0000000700000000, 0x0000000800000000)
  region size 2048K, 25 young (51200K), 4 survivors (8192K)
 Metaspace       used 151899K, committed 152832K, reserved 1245184K
  class space    used 19195K, committed 19648K, reserved 1048576K
}
Event: 67.353 GC heap after
{Heap after GC invocations=77 (full 0):
 garbage-first heap   total 331776K, used 236382K [0x0000000700000000, 0x0000000800000000)
  region size 2048K, 3 young (6144K), 3 survivors (6144K)
 Metaspace       used 151899K, committed 152832K, reserved 1245184K
  class space    used 19195K, committed 19648K, reserved 1048576K
}
Event: 67.654 GC heap before
{Heap before GC invocations=77 (full 0):
 garbage-first heap   total 331776K, used 273246K [0x0000000700000000, 0x0000000800000000)
  region size 2048K, 22 young (45056K), 3 survivors (6144K)
 Metaspace       used 151975K, committed 152896K, reserved 1245184K
  class space    used 19196K, committed 19648K, reserved 1048576K
}
Event: 67.661 GC heap after
{Heap after GC invocations=78 (full 0):
 garbage-first heap   total 331776K, used 241118K [0x0000000700000000, 0x0000000800000000)
  region size 2048K, 3 young (6144K), 3 survivors (6144K)
 Metaspace       used 151975K, committed 152896K, reserved 1245184K
  class space    used 19196K, committed 19648K, reserved 1048576K
}
Event: 68.922 GC heap before
{Heap before GC invocations=78 (full 0):
 garbage-first heap   total 331776K, used 277982K [0x0000000700000000, 0x0000000800000000)
  region size 2048K, 21 young (43008K), 3 survivors (6144K)
 Metaspace       used 152430K, committed 153408K, reserved 1245184K
  class space    used 19221K, committed 19712K, reserved 1048576K
}
Event: 68.927 GC heap after
{Heap after GC invocations=79 (full 0):
 garbage-first heap   total 331776K, used 245297K [0x0000000700000000, 0x0000000800000000)
  region size 2048K, 3 young (6144K), 3 survivors (6144K)
 Metaspace       used 152430K, committed 153408K, reserved 1245184K
  class space    used 19221K, committed 19712K, reserved 1048576K
}
Event: 69.470 GC heap before
{Heap before GC invocations=79 (full 0):
 garbage-first heap   total 331776K, used 278065K [0x0000000700000000, 0x0000000800000000)
  region size 2048K, 20 young (40960K), 3 survivors (6144K)
 Metaspace       used 152643K, committed 153600K, reserved 1245184K
  class space    used 19252K, committed 19712K, reserved 1048576K
}
Event: 69.478 GC heap after
{Heap after GC invocations=80 (full 0):
 garbage-first heap   total 331776K, used 247450K [0x0000000700000000, 0x0000000800000000)
  region size 2048K, 2 young (4096K), 2 survivors (4096K)
 Metaspace       used 152643K, committed 153600K, reserved 1245184K
  class space    used 19252K, committed 19712K, reserved 1048576K
}
Event: 71.045 GC heap before
{Heap before GC invocations=81 (full 0):
 garbage-first heap   total 419840K, used 274074K [0x0000000700000000, 0x0000000800000000)
  region size 2048K, 19 young (38912K), 2 survivors (4096K)
 Metaspace       used 153912K, committed 154880K, reserved 1245184K
  class space    used 19431K, committed 19904K, reserved 1048576K
}
Event: 71.051 GC heap after
{Heap after GC invocations=82 (full 0):
 garbage-first heap   total 419840K, used 240865K [0x0000000700000000, 0x0000000800000000)
  region size 2048K, 2 young (4096K), 2 survivors (4096K)
 Metaspace       used 153912K, committed 154880K, reserved 1245184K
  class space    used 19431K, committed 19904K, reserved 1048576K
}
Event: 71.492 GC heap before
{Heap before GC invocations=82 (full 0):
 garbage-first heap   total 419840K, used 255201K [0x0000000700000000, 0x0000000800000000)
  region size 2048K, 10 young (20480K), 2 survivors (4096K)
 Metaspace       used 154957K, committed 155904K, reserved 1245184K
  class space    used 19576K, committed 20032K, reserved 1048576K
}
Event: 71.500 GC heap after
{Heap after GC invocations=83 (full 0):
 garbage-first heap   total 419840K, used 217538K [0x0000000700000000, 0x0000000800000000)
  region size 2048K, 2 young (4096K), 2 survivors (4096K)
 Metaspace       used 154957K, committed 155904K, reserved 1245184K
  class space    used 19576K, committed 20032K, reserved 1048576K
}
Event: 73.947 GC heap before
{Heap before GC invocations=83 (full 0):
 garbage-first heap   total 419840K, used 338370K [0x0000000700000000, 0x0000000800000000)
  region size 2048K, 61 young (124928K), 2 survivors (4096K)
 Metaspace       used 161344K, committed 162304K, reserved 1245184K
  class space    used 20641K, committed 21120K, reserved 1048576K
}
Event: 73.956 GC heap after
{Heap after GC invocations=84 (full 0):
 garbage-first heap   total 419840K, used 224835K [0x0000000700000000, 0x0000000800000000)
  region size 2048K, 6 young (12288K), 6 survivors (12288K)
 Metaspace       used 161344K, committed 162304K, reserved 1245184K
  class space    used 20641K, committed 21120K, reserved 1048576K
}
Event: 75.543 GC heap before
{Heap before GC invocations=84 (full 0):
 garbage-first heap   total 419840K, used 339523K [0x0000000700000000, 0x0000000800000000)
  region size 2048K, 63 young (129024K), 6 survivors (12288K)
 Metaspace       used 162780K, committed 163840K, reserved 1245184K
  class space    used 20827K, committed 21312K, reserved 1048576K
}
Event: 75.555 GC heap after
{Heap after GC invocations=85 (full 0):
 garbage-first heap   total 419840K, used 232982K [0x0000000700000000, 0x0000000800000000)
  region size 2048K, 8 young (16384K), 8 survivors (16384K)
 Metaspace       used 162780K, committed 163840K, reserved 1245184K
  class space    used 20827K, committed 21312K, reserved 1048576K
}

Dll operation events (14 events):
Event: 0.012 Loaded shared library C:\Program Files\Eclipse Adoptium\jdk-17.0.8.101-hotspot\bin\java.dll
Event: 0.032 Loaded shared library C:\Program Files\Eclipse Adoptium\jdk-17.0.8.101-hotspot\bin\jsvml.dll
Event: 0.087 Loaded shared library C:\Program Files\Eclipse Adoptium\jdk-17.0.8.101-hotspot\bin\zip.dll
Event: 0.091 Loaded shared library C:\Program Files\Eclipse Adoptium\jdk-17.0.8.101-hotspot\bin\instrument.dll
Event: 0.096 Loaded shared library C:\Program Files\Eclipse Adoptium\jdk-17.0.8.101-hotspot\bin\net.dll
Event: 0.098 Loaded shared library C:\Program Files\Eclipse Adoptium\jdk-17.0.8.101-hotspot\bin\nio.dll
Event: 0.100 Loaded shared library C:\Program Files\Eclipse Adoptium\jdk-17.0.8.101-hotspot\bin\zip.dll
Event: 0.438 Loaded shared library C:\Program Files\Eclipse Adoptium\jdk-17.0.8.101-hotspot\bin\jimage.dll
Event: 0.713 Loaded shared library C:\Program Files\Eclipse Adoptium\jdk-17.0.8.101-hotspot\bin\verify.dll
Event: 0.989 Loaded shared library C:\Users\mahar\.gradle\native\c067742578af261105cb4f569cf0c3c89f3d7b1fecec35dd04571415982c5e48\windows-amd64\native-platform.dll
Event: 0.998 Loaded shared library C:\Users\mahar\.gradle\native\100fb08df4bc3b14c8652ba06237920a3bd2aa13389f12d3474272988ae205f9\windows-amd64\native-platform-file-events.dll
Event: 2.086 Loaded shared library C:\Program Files\Eclipse Adoptium\jdk-17.0.8.101-hotspot\bin\management.dll
Event: 2.088 Loaded shared library C:\Program Files\Eclipse Adoptium\jdk-17.0.8.101-hotspot\bin\management_ext.dll
Event: 2.473 Loaded shared library C:\Program Files\Eclipse Adoptium\jdk-17.0.8.101-hotspot\bin\sunmscapi.dll

Deoptimization events (20 events):
Event: 76.377 Thread 0x00000210fd6569d0 DEOPT PACKING pc=0x00000210e28ed4c4 sp=0x00000099177f66a0
Event: 76.377 Thread 0x00000210fd6569d0 DEOPT UNPACKING pc=0x00000210e8e8ace3 sp=0x00000099177f5bf8 mode 0
Event: 76.385 Thread 0x00000210fd6569d0 DEOPT PACKING pc=0x00000210e28ed4e5 sp=0x00000099177f66a0
Event: 76.385 Thread 0x00000210fd6569d0 DEOPT UNPACKING pc=0x00000210e8e8ace3 sp=0x00000099177f5bf8 mode 0
Event: 76.391 Thread 0x00000210fd6569d0 DEOPT PACKING pc=0x00000210e28ed4c4 sp=0x00000099177f66a0
Event: 76.391 Thread 0x00000210fd6569d0 DEOPT UNPACKING pc=0x00000210e8e8ace3 sp=0x00000099177f5bf8 mode 0
Event: 76.393 Thread 0x00000210fd6569d0 Uncommon trap: trap_request=0xffffff45 fr.pc=0x00000210ea185478 relative=0x0000000000004418
Event: 76.393 Thread 0x00000210fd6569d0 Uncommon trap: reason=unstable_if action=reinterpret pc=0x00000210ea185478 method=groovyjarjarantlr4.v4.runtime.atn.ParserATNSimulator.closure(Lgroovyjarjarantlr4/v4/runtime/atn/ATNConfig;Lgroovyjarjarantlr4/v4/runtime/atn/ATNConfigSet;Lgroovyjarjarantlr4
Event: 76.393 Thread 0x00000210fd6569d0 DEOPT PACKING pc=0x00000210ea185478 sp=0x00000099177f6370
Event: 76.394 Thread 0x00000210fd6569d0 DEOPT UNPACKING pc=0x00000210e8e8a1a3 sp=0x00000099177f6368 mode 2
Event: 76.402 Thread 0x00000210fd6569d0 DEOPT PACKING pc=0x00000210e33b2939 sp=0x00000099177f5b40
Event: 76.402 Thread 0x00000210fd6569d0 DEOPT UNPACKING pc=0x00000210e8e8ace3 sp=0x00000099177f5098 mode 0
Event: 76.403 Thread 0x00000210fd6569d0 DEOPT PACKING pc=0x00000210e28ed4e5 sp=0x00000099177f5a90
Event: 76.403 Thread 0x00000210fd6569d0 DEOPT UNPACKING pc=0x00000210e8e8ace3 sp=0x00000099177f4fe8 mode 0
Event: 76.433 Thread 0x00000210fd6569d0 DEOPT PACKING pc=0x00000210e28ed4c4 sp=0x00000099177f59d0
Event: 76.433 Thread 0x00000210fd6569d0 DEOPT UNPACKING pc=0x00000210e8e8ace3 sp=0x00000099177f4f28 mode 0
Event: 76.560 Thread 0x00000210fd6569d0 Uncommon trap: trap_request=0xffffffbe fr.pc=0x00000210ea20bc94 relative=0x0000000000005494
Event: 76.560 Thread 0x00000210fd6569d0 Uncommon trap: reason=profile_predicate action=maybe_recompile pc=0x00000210ea20bc94 method=java.nio.file.Files.walkFileTree(Ljava/nio/file/Path;Ljava/util/Set;ILjava/nio/file/FileVisitor;)Ljava/nio/file/Path; @ 19 c2
Event: 76.560 Thread 0x00000210fd6569d0 DEOPT PACKING pc=0x00000210ea20bc94 sp=0x00000099177f7d60
Event: 76.560 Thread 0x00000210fd6569d0 DEOPT UNPACKING pc=0x00000210e8e8a1a3 sp=0x00000099177f7d98 mode 2

Classes unloaded (13 events):
Event: 69.683 Thread 0x00000210fc6d6b90 Unloading class 0x0000021082228b88 '_BuildScript_$_run_closure1'
Event: 69.683 Thread 0x00000210fc6d6b90 Unloading class 0x0000021082228668 '_BuildScript_'
Event: 69.683 Thread 0x00000210fc6d6b90 Unloading class 0x0000021082228280 'NativePluginLoader$_getPlugins_closure1'
Event: 69.683 Thread 0x00000210fc6d6b90 Unloading class 0x0000021082228000 'NativePluginLoader'
Event: 69.684 Thread 0x00000210fc6d6b90 Unloading class 0x0000021082061000 '_BuildScript_$_run_closure1'
Event: 69.684 Thread 0x00000210fc6d6b90 Unloading class 0x0000021082060800 '_BuildScript_'
Event: 69.684 Thread 0x00000210fc6d6b90 Unloading class 0x0000021082055bb8 '_BuildScript_$_run_closure4'
Event: 69.684 Thread 0x00000210fc6d6b90 Unloading class 0x00000210820557d0 '_BuildScript_$_run_closure3'
Event: 69.684 Thread 0x00000210fc6d6b90 Unloading class 0x00000210820553e8 '_BuildScript_$_run_closure2'
Event: 69.684 Thread 0x00000210fc6d6b90 Unloading class 0x0000021082055000 '_BuildScript_$_run_closure1$_closure5'
Event: 69.684 Thread 0x00000210fc6d6b90 Unloading class 0x0000021082054c00 '_BuildScript_$_run_closure1'
Event: 69.684 Thread 0x00000210fc6d6b90 Unloading class 0x0000021082054000 '_BuildScript_'
Event: 69.684 Thread 0x00000210fc6d6b90 Unloading class 0x000002108204c000 '_BuildScript_'

Classes redefined (0 events):
No events

Internal exceptions (20 events):
Event: 74.695 Thread 0x00000210fd6569d0 Exception <a 'sun/nio/fs/WindowsException'{0x0000000716b09970}> (0x0000000716b09970) 
thrown [s\src\hotspot\share\prims\jni.cpp, line 516]
Event: 74.761 Thread 0x00000210fd6569d0 Exception <a 'java/lang/ClassNotFoundException'{0x0000000716b95fe0}: build_5qnml5fugh3dna8qukd8y9x8cBeanInfo> (0x0000000716b95fe0) 
thrown [s\src\hotspot\share\classfile\systemDictionary.cpp, line 256]
Event: 74.761 Thread 0x00000210fd6569d0 Exception <a 'java/lang/ClassNotFoundException'{0x0000000716b9d180}: build_5qnml5fugh3dna8qukd8y9x8cCustomizer> (0x0000000716b9d180) 
thrown [s\src\hotspot\share\classfile\systemDictionary.cpp, line 256]
Event: 74.778 Thread 0x00000210fd6569d0 Exception <a 'java/lang/ClassNotFoundException'{0x0000000716bf7118}: org/gradle/api/internal/initialization/DefaultScriptHandler_DecoratedBeanInfo> (0x0000000716bf7118) 
thrown [s\src\hotspot\share\classfile\systemDictionary.cpp, line 256]
Event: 74.781 Thread 0x00000210fd6569d0 Exception <a 'java/lang/ClassNotFoundException'{0x000000071688d420}: org/gradle/api/internal/initialization/DefaultScriptHandlerBeanInfo> (0x000000071688d420) 
thrown [s\src\hotspot\share\classfile\systemDictionary.cpp, line 256]
Event: 74.782 Thread 0x00000210fd6569d0 Exception <a 'java/lang/ClassNotFoundException'{0x00000007168a00d0}: org/gradle/api/internal/initialization/DefaultScriptHandlerCustomizer> (0x00000007168a00d0) 
thrown [s\src\hotspot\share\classfile\systemDictionary.cpp, line 256]
Event: 74.785 Thread 0x00000210fd6569d0 Exception <a 'java/lang/ClassNotFoundException'{0x00000007168bf530}: org/gradle/api/internal/initialization/DefaultScriptHandler_DecoratedCustomizer> (0x00000007168bf530) 
thrown [s\src\hotspot\share\classfile\systemDictionary.cpp, line 256]
Event: 74.804 Thread 0x00000210fd6569d0 Exception <a 'sun/nio/fs/WindowsException'{0x00000007168ffe50}> (0x00000007168ffe50) 
thrown [s\src\hotspot\share\prims\jni.cpp, line 516]
Event: 74.804 Thread 0x00000210fd6569d0 Exception <a 'sun/nio/fs/WindowsException'{0x0000000716900230}> (0x0000000716900230) 
thrown [s\src\hotspot\share\prims\jni.cpp, line 516]
Event: 76.509 Thread 0x00000210fd6569d0 Exception <a 'sun/nio/fs/WindowsException'{0x0000000714853a00}> (0x0000000714853a00) 
thrown [s\src\hotspot\share\prims\jni.cpp, line 516]
Event: 76.512 Thread 0x00000210fd6569d0 Exception <a 'sun/nio/fs/WindowsException'{0x0000000714855358}> (0x0000000714855358) 
thrown [s\src\hotspot\share\prims\jni.cpp, line 516]
Event: 76.515 Thread 0x00000210fd6569d0 Exception <a 'sun/nio/fs/WindowsException'{0x00000007148685a8}> (0x00000007148685a8) 
thrown [s\src\hotspot\share\prims\jni.cpp, line 516]
Event: 76.518 Thread 0x00000210fd6569d0 Exception <a 'sun/nio/fs/WindowsException'{0x0000000714879e58}> (0x0000000714879e58) 
thrown [s\src\hotspot\share\prims\jni.cpp, line 516]
Event: 76.521 Thread 0x00000210fd6569d0 Exception <a 'sun/nio/fs/WindowsException'{0x000000071488bed0}> (0x000000071488bed0) 
thrown [s\src\hotspot\share\prims\jni.cpp, line 516]
Event: 76.527 Thread 0x00000210fd6569d0 Exception <a 'sun/nio/fs/WindowsException'{0x000000071489d720}> (0x000000071489d720) 
thrown [s\src\hotspot\share\prims\jni.cpp, line 516]
Event: 76.537 Thread 0x00000210fd6569d0 Exception <a 'sun/nio/fs/WindowsException'{0x00000007148af630}> (0x00000007148af630) 
thrown [s\src\hotspot\share\prims\jni.cpp, line 516]
Event: 76.543 Thread 0x00000210fd6569d0 Exception <a 'sun/nio/fs/WindowsException'{0x00000007148c0e60}> (0x00000007148c0e60) 
thrown [s\src\hotspot\share\prims\jni.cpp, line 516]
Event: 76.551 Thread 0x00000210fd6569d0 Exception <a 'sun/nio/fs/WindowsException'{0x00000007148d2dd8}> (0x00000007148d2dd8) 
thrown [s\src\hotspot\share\prims\jni.cpp, line 516]
Event: 76.554 Thread 0x00000210fd6569d0 Exception <a 'sun/nio/fs/WindowsException'{0x00000007148e6da8}> (0x00000007148e6da8) 
thrown [s\src\hotspot\share\prims\jni.cpp, line 516]
Event: 76.558 Thread 0x00000210fd6569d0 Exception <a 'sun/nio/fs/WindowsException'{0x00000007148f3dd0}> (0x00000007148f3dd0) 
thrown [s\src\hotspot\share\prims\jni.cpp, line 516]

VM Operations (20 events):
Event: 71.725 Executing VM operation: HandshakeAllThreads done
Event: 72.735 Executing VM operation: Cleanup
Event: 72.736 Executing VM operation: Cleanup done
Event: 73.480 Executing VM operation: HandshakeAllThreads
Event: 73.481 Executing VM operation: HandshakeAllThreads done
Event: 73.856 Executing VM operation: ICBufferFull
Event: 73.856 Executing VM operation: ICBufferFull done
Event: 73.888 Executing VM operation: HandshakeAllThreads
Event: 73.888 Executing VM operation: HandshakeAllThreads done
Event: 73.947 Executing VM operation: G1CollectForAllocation
Event: 73.957 Executing VM operation: G1CollectForAllocation done
Event: 74.627 Executing VM operation: ICBufferFull
Event: 74.627 Executing VM operation: ICBufferFull done
Event: 75.026 Executing VM operation: ICBufferFull
Event: 75.027 Executing VM operation: ICBufferFull done
Event: 75.543 Executing VM operation: G1CollectForAllocation
Event: 75.558 Executing VM operation: G1CollectForAllocation done
Event: 76.562 Executing VM operation: Cleanup
Event: 76.562 Executing VM operation: Cleanup done
Event: 77.567 Executing VM operation: Cleanup

Events (20 events):
Event: 75.037 Thread 0x000002110295b5c0 Thread added: 0x000002110295b5c0
Event: 75.038 Thread 0x0000021102958320 Thread added: 0x0000021102958320
Event: 75.040 Thread 0x000002110295aba0 Thread added: 0x000002110295aba0
Event: 75.041 Thread 0x000002110295bfe0 Thread added: 0x000002110295bfe0
Event: 75.043 Thread 0x000002110295c4f0 Thread added: 0x000002110295c4f0
Event: 75.044 Thread 0x000002110295b0b0 Thread added: 0x000002110295b0b0
Event: 75.045 Thread 0x0000021102958d40 Thread added: 0x0000021102958d40
Event: 75.380 Thread 0x000002110295cf10 Thread added: 0x000002110295cf10
Event: 75.382 Thread 0x000002110295fca0 Thread added: 0x000002110295fca0
Event: 75.383 Thread 0x000002110295d420 Thread added: 0x000002110295d420
Event: 75.383 Thread 0x000002110295d930 Thread added: 0x000002110295d930
Event: 75.384 Thread 0x000002110295de40 Thread added: 0x000002110295de40
Event: 75.384 Thread 0x000002110295e350 Thread added: 0x000002110295e350
Event: 75.384 Thread 0x000002110295ed70 Thread added: 0x000002110295ed70
Event: 75.996 loading class jdk/internal/misc/ScopedMemoryAccess$Scope$Handle
Event: 75.997 loading class jdk/internal/misc/ScopedMemoryAccess$Scope$Handle done
Event: 76.354 Thread 0x00000210d6bd7aa0 Thread exited: 0x00000210d6bd7aa0
Event: 76.354 Thread 0x00000210d61fb9f0 Thread exited: 0x00000210d61fb9f0
Event: 76.364 Thread 0x00000210d6bd7000 Thread added: 0x00000210d6bd7000
Event: 76.410 Thread 0x00000210d6bd9a80 Thread added: 0x00000210d6bd9a80


Dynamic libraries:
0x00007ff7a03b0000 - 0x00007ff7a03be000 	C:\Program Files\Eclipse Adoptium\jdk-17.0.8.101-hotspot\bin\java.exe
0x00007fff87d40000 - 0x00007fff87fa6000 	C:\WINDOWS\SYSTEM32\ntdll.dll
0x00007fff867a0000 - 0x00007fff86869000 	C:\WINDOWS\System32\KERNEL32.DLL
0x00007fff85670000 - 0x00007fff85a3c000 	C:\WINDOWS\System32\KERNELBASE.dll
0x00007fff853a0000 - 0x00007fff854eb000 	C:\WINDOWS\System32\ucrtbase.dll
0x00007fff50f60000 - 0x00007fff50f77000 	C:\Program Files\Eclipse Adoptium\jdk-17.0.8.101-hotspot\bin\jli.dll
0x00007fff50ad0000 - 0x00007fff50ae9000 	C:\Program Files\Eclipse Adoptium\jdk-17.0.8.101-hotspot\bin\VCRUNTIME140.dll
0x00007fff87600000 - 0x00007fff877ca000 	C:\WINDOWS\System32\USER32.dll
0x00007fff85a40000 - 0x00007fff85a67000 	C:\WINDOWS\System32\win32u.dll
0x00007fff640c0000 - 0x00007fff6435a000 	C:\WINDOWS\WinSxS\amd64_microsoft.windows.common-controls_6595b64144ccf1df_6.0.26100.3912_none_3e07963ce335137e\COMCTL32.dll
0x00007fff861a0000 - 0x00007fff86249000 	C:\WINDOWS\System32\msvcrt.dll
0x00007fff875c0000 - 0x00007fff875eb000 	C:\WINDOWS\System32\GDI32.dll
0x00007fff85260000 - 0x00007fff85392000 	C:\WINDOWS\System32\gdi32full.dll
0x00007fff85110000 - 0x00007fff851b3000 	C:\WINDOWS\System32\msvcp_win.dll
0x00007fff86a20000 - 0x00007fff86a50000 	C:\WINDOWS\System32\IMM32.DLL
0x00007fff6c2c0000 - 0x00007fff6c2cc000 	C:\Program Files\Eclipse Adoptium\jdk-17.0.8.101-hotspot\bin\vcruntime140_1.dll
0x00007fff168a0000 - 0x00007fff16931000 	C:\Program Files\Eclipse Adoptium\jdk-17.0.8.101-hotspot\bin\msvcp140.dll
0x00007ffed3010000 - 0x00007ffed3c5c000 	C:\Program Files\Eclipse Adoptium\jdk-17.0.8.101-hotspot\bin\server\jvm.dll
0x00007fff86a60000 - 0x00007fff86b12000 	C:\WINDOWS\System32\ADVAPI32.dll
0x00007fff86d60000 - 0x00007fff86e06000 	C:\WINDOWS\System32\sechost.dll
0x00007fff86250000 - 0x00007fff86366000 	C:\WINDOWS\System32\RPCRT4.dll
0x00007fff64df0000 - 0x00007fff64dfa000 	C:\WINDOWS\SYSTEM32\WSOCK32.dll
0x00007fff86020000 - 0x00007fff86094000 	C:\WINDOWS\System32\WS2_32.dll
0x00007fff7bc80000 - 0x00007fff7bcb6000 	C:\WINDOWS\SYSTEM32\WINMM.dll
0x00007fff84d20000 - 0x00007fff84d7e000 	C:\WINDOWS\SYSTEM32\POWRPROF.dll
0x00007fff75930000 - 0x00007fff7593b000 	C:\WINDOWS\SYSTEM32\VERSION.dll
0x00007fff84d00000 - 0x00007fff84d14000 	C:\WINDOWS\SYSTEM32\UMPDC.dll
0x00007fff83c90000 - 0x00007fff83caa000 	C:\WINDOWS\SYSTEM32\kernel.appcore.dll
0x00007fff5b6d0000 - 0x00007fff5b6da000 	C:\Program Files\Eclipse Adoptium\jdk-17.0.8.101-hotspot\bin\jimage.dll
0x00007fff82060000 - 0x00007fff822a1000 	C:\WINDOWS\SYSTEM32\DBGHELP.DLL
0x00007fff85c10000 - 0x00007fff85f94000 	C:\WINDOWS\System32\combase.dll
0x00007fff86500000 - 0x00007fff865e0000 	C:\WINDOWS\System32\OLEAUT32.dll
0x00007fff5f000000 - 0x00007fff5f039000 	C:\WINDOWS\SYSTEM32\dbgcore.DLL
0x00007fff851c0000 - 0x00007fff85259000 	C:\WINDOWS\System32\bcryptPrimitives.dll
0x00007fff44320000 - 0x00007fff4432e000 	C:\Program Files\Eclipse Adoptium\jdk-17.0.8.101-hotspot\bin\instrument.dll
0x00007fff50100000 - 0x00007fff50125000 	C:\Program Files\Eclipse Adoptium\jdk-17.0.8.101-hotspot\bin\java.dll
0x00007ffeda740000 - 0x00007ffeda816000 	C:\Program Files\Eclipse Adoptium\jdk-17.0.8.101-hotspot\bin\jsvml.dll
0x00007fff86e90000 - 0x00007fff875bd000 	C:\WINDOWS\System32\SHELL32.dll
0x00007fff84f90000 - 0x00007fff85104000 	C:\WINDOWS\System32\wintypes.dll
0x00007fff82b10000 - 0x00007fff83366000 	C:\WINDOWS\SYSTEM32\windows.storage.dll
0x00007fff860a0000 - 0x00007fff8618f000 	C:\WINDOWS\System32\SHCORE.dll
0x00007fff86e20000 - 0x00007fff86e89000 	C:\WINDOWS\System32\shlwapi.dll
0x00007fff84de0000 - 0x00007fff84e0f000 	C:\WINDOWS\SYSTEM32\profapi.dll
0x00007fff4fc50000 - 0x00007fff4fc68000 	C:\Program Files\Eclipse Adoptium\jdk-17.0.8.101-hotspot\bin\zip.dll
0x00007fff500e0000 - 0x00007fff500f9000 	C:\Program Files\Eclipse Adoptium\jdk-17.0.8.101-hotspot\bin\net.dll
0x00007fff768c0000 - 0x00007fff769de000 	C:\WINDOWS\SYSTEM32\WINHTTP.dll
0x00007fff84200000 - 0x00007fff8426a000 	C:\WINDOWS\system32\mswsock.dll
0x00007fff4fc70000 - 0x00007fff4fc85000 	C:\Program Files\Eclipse Adoptium\jdk-17.0.8.101-hotspot\bin\nio.dll
0x00007fff50f50000 - 0x00007fff50f60000 	C:\Program Files\Eclipse Adoptium\jdk-17.0.8.101-hotspot\bin\verify.dll
0x00007fff61000000 - 0x00007fff61027000 	C:\Users\mahar\.gradle\native\c067742578af261105cb4f569cf0c3c89f3d7b1fecec35dd04571415982c5e48\windows-amd64\native-platform.dll
0x00007fff50e00000 - 0x00007fff50f44000 	C:\Users\mahar\.gradle\native\100fb08df4bc3b14c8652ba06237920a3bd2aa13389f12d3474272988ae205f9\windows-amd64\native-platform-file-events.dll
0x00007fff4fc20000 - 0x00007fff4fc29000 	C:\Program Files\Eclipse Adoptium\jdk-17.0.8.101-hotspot\bin\management.dll
0x00007fff44330000 - 0x00007fff4433b000 	C:\Program Files\Eclipse Adoptium\jdk-17.0.8.101-hotspot\bin\management_ext.dll
0x00007fff86e10000 - 0x00007fff86e18000 	C:\WINDOWS\System32\PSAPI.DLL
0x00007fff844a0000 - 0x00007fff844bc000 	C:\WINDOWS\SYSTEM32\CRYPTSP.dll
0x00007fff83bf0000 - 0x00007fff83c2a000 	C:\WINDOWS\system32\rsaenh.dll
0x00007fff842a0000 - 0x00007fff842cb000 	C:\WINDOWS\SYSTEM32\USERENV.dll
0x00007fff84db0000 - 0x00007fff84dd6000 	C:\WINDOWS\SYSTEM32\bcrypt.dll
0x00007fff844c0000 - 0x00007fff844cc000 	C:\WINDOWS\SYSTEM32\CRYPTBASE.dll
0x00007fff836e0000 - 0x00007fff83713000 	C:\WINDOWS\SYSTEM32\IPHLPAPI.DLL
0x00007fff875f0000 - 0x00007fff875fa000 	C:\WINDOWS\System32\NSI.dll
0x00007fff7e4f0000 - 0x00007fff7e50f000 	C:\WINDOWS\SYSTEM32\dhcpcsvc6.DLL
0x00007fff7e480000 - 0x00007fff7e4a5000 	C:\WINDOWS\SYSTEM32\dhcpcsvc.DLL
0x00007fff83780000 - 0x00007fff838a7000 	C:\WINDOWS\SYSTEM32\DNSAPI.dll
0x00007fff6c530000 - 0x00007fff6c53e000 	C:\Program Files\Eclipse Adoptium\jdk-17.0.8.101-hotspot\bin\sunmscapi.dll
0x00007fff854f0000 - 0x00007fff85667000 	C:\WINDOWS\System32\CRYPT32.dll
0x00007fff846b0000 - 0x00007fff846e0000 	C:\WINDOWS\SYSTEM32\ncrypt.dll
0x00007fff84660000 - 0x00007fff8469f000 	C:\WINDOWS\SYSTEM32\NTASN1.dll
0x00007fff00d80000 - 0x00007fff00d88000 	C:\WINDOWS\system32\wshunix.dll
0x00007fff83db0000 - 0x00007fff83de5000 	C:\WINDOWS\SYSTEM32\ntmarta.dll

dbghelp: loaded successfully - version: 4.0.5 - missing functions: none
symbol engine: initialized successfully - sym options: 0x614 - pdb path: .;C:\Program Files\Eclipse Adoptium\jdk-17.0.8.101-hotspot\bin;C:\WINDOWS\SYSTEM32;C:\WINDOWS\WinSxS\amd64_microsoft.windows.common-controls_6595b64144ccf1df_6.0.26100.3912_none_3e07963ce335137e;C:\Program Files\Eclipse Adoptium\jdk-17.0.8.101-hotspot\bin\server;C:\Users\mahar\.gradle\native\c067742578af261105cb4f569cf0c3c89f3d7b1fecec35dd04571415982c5e48\windows-amd64;C:\Users\mahar\.gradle\native\100fb08df4bc3b14c8652ba06237920a3bd2aa13389f12d3474272988ae205f9\windows-amd64

VM Arguments:
jvm_args: -XX:MaxMetaspaceSize=2G -XX:+HeapDumpOnOutOfMemoryError --add-opens=java.base/java.util=ALL-UNNAMED --add-opens=java.base/java.lang=ALL-UNNAMED --add-opens=java.base/java.lang.invoke=ALL-UNNAMED --add-opens=java.prefs/java.util.prefs=ALL-UNNAMED --add-exports=jdk.compiler/com.sun.tools.javac.api=ALL-UNNAMED --add-exports=jdk.compiler/com.sun.tools.javac.util=ALL-UNNAMED --add-opens=java.base/java.nio.charset=ALL-UNNAMED --add-opens=java.base/java.net=ALL-UNNAMED --add-opens=java.base/java.util.concurrent.atomic=ALL-UNNAMED -Xmx4G -Dfile.encoding=windows-1252 -Duser.country=IN -Duser.language=en -Duser.variant -javaagent:C:\Users\mahar\.gradle\wrapper\dists\gradle-8.10.2-all\7iv73wktx1xtkvlq19urqw1wm\gradle-8.10.2\lib\agents\gradle-instrumentation-agent-8.10.2.jar 
java_command: org.gradle.launcher.daemon.bootstrap.GradleDaemon 8.10.2
java_class_path (initial): C:\Users\mahar\.gradle\wrapper\dists\gradle-8.10.2-all\7iv73wktx1xtkvlq19urqw1wm\gradle-8.10.2\lib\gradle-daemon-main-8.10.2.jar
Launcher Type: SUN_STANDARD

[Global flags]
     intx CICompilerCount                          = 4                                         {product} {ergonomic}
     uint ConcGCThreads                            = 2                                         {product} {ergonomic}
     uint G1ConcRefinementThreads                  = 8                                         {product} {ergonomic}
   size_t G1HeapRegionSize                         = 2097152                                   {product} {ergonomic}
    uintx GCDrainStackTargetSize                   = 64                                        {product} {ergonomic}
     bool HeapDumpOnOutOfMemoryError               = true                                   {manageable} {command line}
   size_t InitialHeapSize                          = 264241152                                 {product} {ergonomic}
   size_t MarkStackSize                            = 4194304                                   {product} {ergonomic}
   size_t MaxHeapSize                              = 4294967296                                {product} {command line}
   size_t MaxMetaspaceSize                         = 2147483648                                {product} {command line}
   size_t MaxNewSize                               = 2575302656                                {product} {ergonomic}
   size_t MinHeapDeltaBytes                        = 2097152                                   {product} {ergonomic}
   size_t MinHeapSize                              = 8388608                                   {product} {ergonomic}
    uintx NonNMethodCodeHeapSize                   = 5839372                                {pd product} {ergonomic}
    uintx NonProfiledCodeHeapSize                  = 122909434                              {pd product} {ergonomic}
    uintx ProfiledCodeHeapSize                     = 122909434                              {pd product} {ergonomic}
    uintx ReservedCodeCacheSize                    = 251658240                              {pd product} {ergonomic}
     bool SegmentedCodeCache                       = true                                      {product} {ergonomic}
   size_t SoftMaxHeapSize                          = 4294967296                             {manageable} {ergonomic}
     bool UseCompressedClassPointers               = true                           {product lp64_product} {ergonomic}
     bool UseCompressedOops                        = true                           {product lp64_product} {ergonomic}
     bool UseG1GC                                  = true                                      {product} {ergonomic}
     bool UseLargePagesIndividualAllocation        = false                                  {pd product} {ergonomic}

Logging:
Log output configuration:
 #0: stdout all=warning uptime,level,tags
 #1: stderr all=off uptime,level,tags

Environment Variables:
CLASSPATH=D:\AppDev\Trustify_UI\android\\gradle\wrapper\gradle-wrapper.jar
PATH=C:\Program Files\Eclipse Adoptium\jdk-17.0.8.101-hotspot\bin;C:\Program Files\Common Files\Oracle\Java\javapath;C:\windows\system32;C:\windows;C:\windows\System32\Wbem;C:\windows\System32\WindowsPowerShell\v1.0\;C:\windows\System32\OpenSSH\;C:\MinGW\bin;C:\Program Files\HP\HP One Agent;C:\Program Files\Java\jdk-22\bin;C:\WINDOWS\system32;C:\WINDOWS;C:\WINDOWS\System32\Wbem;C:\WINDOWS\System32\WindowsPowerShell\v1.0\;C:\WINDOWS\System32\OpenSSH\;C:\Users\mahar\AppData\Local\Programs\Microsoft VS Code\bin;C:\FlutterDev\sdk\flutter\bin;C:\Program Files\Git\cmd;C:\Strawberry\c\bin;C:\Strawberry\perl\site\bin;C:\Strawberry\perl\bin;C:\Users\mahar\AppData\Roaming\Microsoft\Windows\Start Menu\Programs\Python 3.13;C:\Program Files\nodejs\;C:\Program Files\MongoDB\Server\8.0\bin;C:\Users\mahar\AppData\Local\Programs\Python\Python313\Scripts\;C:\Users\mahar\AppData\Local\Programs\Python\Python313\;C:\Users\mahar\AppData\Local\Programs\Python\Launcher\;C:\Program Files\MySQL\MySQL Shell 8.0\bin\;C:\Users\mahar\AppData\Local\Microsoft\WindowsApps;C:\Users\mahar\AppData\Local\Programs\MiKTeX\miktex\bin\x64\;C:\Users\mahar\AppData\Roaming\npm;C:\Program Files\mongosh\
USERNAME=mahar
OS=Windows_NT
PROCESSOR_IDENTIFIER=Intel64 Family 6 Model 140 Stepping 2, GenuineIntel
TMP=C:\Users\mahar\AppData\Local\Temp
TEMP=C:\Users\mahar\AppData\Local\Temp



---------------  S Y S T E M  ---------------

OS:
 Windows 11 , 64 bit Build 26100 (10.0.26100.3912)
OS uptime: 0 days 7:22 hours
Hyper-V role detected

CPU: total 8 (initial active 8) (4 cores per cpu, 2 threads per core) family 6 model 140 stepping 2 microcode 0x34, cx8, cmov, fxsr, ht, mmx, 3dnowpref, sse, sse2, sse3, ssse3, sse4.1, sse4.2, popcnt, lzcnt, tsc, tscinvbit, avx, avx2, aes, erms, clmul, bmi1, bmi2, adx, avx512f, avx512dq, avx512cd, avx512bw, avx512vl, sha, fma, vzeroupper, avx512_vpopcntdq, avx512_vpclmulqdq, avx512_vaes, avx512_vnni, clflush, clflushopt, clwb, avx512_vbmi2, avx512_vbmi, hv
Processor Information for all 8 processors :
  Max Mhz: 2496, Current Mhz: 2496, Mhz Limit: 2496

Memory: 4k page, system-wide physical 16026M (1150M free)
TotalPageFile size 20122M (AvailPageFile size 7M)
current process WorkingSet (physical memory assigned to process): 822M, peak: 829M
current process commit charge ("private bytes"): 878M, peak: 889M

vm_info: OpenJDK 64-Bit Server VM (17.0.8.1+1) for windows-amd64 JRE (17.0.8.1+1), built on Aug 23 2023 15:29:17 by "admin" with MS VC++ 16.7 (VS2019)

END.
